{"level":"info","message":"Loaded Routes: {\"user\":\"/api/users\",\"project\":\"/api/projects\",\"task\":\"/api/tasks\",\"company\":\"/api/companies\"}","service":"project-management-service","timestamp":"2024-12-09 13:58:51"}
{"level":"info","message":"Server running on port 5001","service":"project-management-service","timestamp":"2024-12-09 13:58:51"}
{"level":"info","message":"Database synced successfully","service":"project-management-service","timestamp":"2024-12-09 13:58:52"}
{"level":"info","message":"Login attempt with email: test@test.test","service":"project-management-service","timestamp":"2024-12-09 13:59:28"}
{"level":"info","message":"Login successful for user: test@test.test","service":"project-management-service","timestamp":"2024-12-09 13:59:28"}
{"level":"info","message":"Fetching projects for user: 23","service":"project-management-service","timestamp":"2024-12-09 14:00:04"}
{"level":"info","message":"Owned projects retrieved: 1","service":"project-management-service","timestamp":"2024-12-09 14:00:04"}
{"level":"info","message":"Collaborator projects retrieved: 0","service":"project-management-service","timestamp":"2024-12-09 14:00:04"}
{"level":"info","message":"Unique projects retrieved: 1","service":"project-management-service","timestamp":"2024-12-09 14:00:04"}
{"level":"info","message":"User 23 is creating a task in project 11, stage 162 with data: {\"project_id\":11,\"stage_id\":162,\"task_name\":\"Viewing of \",\"description\":\"Gather all necessary documents for the project\",\"due_date\":\"2024-12-01\",\"priority\":\"High\",\"assigned_user_ids\":[12]}","service":"project-management-service","timestamp":"2024-12-09 14:01:29"}
{"level":"warn","message":"Stage not found or does not belong to project: stage_id=162, project_id=11","service":"project-management-service","timestamp":"2024-12-09 14:01:29"}
{"level":"info","message":"Stages retrieved for project_id 11: 8","service":"project-management-service","timestamp":"2024-12-09 14:02:17"}
{"level":"info","message":"User 23 is creating a task in project 11, stage 85 with data: {\"project_id\":11,\"stage_id\":85,\"task_name\":\"Viewing of \",\"description\":\"Gather all necessary documents for the project\",\"due_date\":\"2024-12-01\",\"priority\":\"High\",\"assigned_user_ids\":[12]}","service":"project-management-service","timestamp":"2024-12-09 14:02:34"}
{"level":"info","message":"Task created successfully: 130 by user_id: 23","service":"project-management-service","timestamp":"2024-12-09 14:02:34"}
{"level":"info","message":"Login attempt with email: test@test.test","service":"project-management-service","timestamp":"2024-12-09 14:27:13"}
{"level":"info","message":"Login successful for user: test@test.test","service":"project-management-service","timestamp":"2024-12-09 14:27:13"}
{"level":"info","message":"Fetching projects for user: 23","service":"project-management-service","timestamp":"2024-12-09 14:27:14"}
{"level":"info","message":"Owned projects retrieved: 1","service":"project-management-service","timestamp":"2024-12-09 14:27:14"}
{"level":"info","message":"Collaborator projects retrieved: 0","service":"project-management-service","timestamp":"2024-12-09 14:27:14"}
{"level":"info","message":"Unique projects retrieved: 1","service":"project-management-service","timestamp":"2024-12-09 14:27:14"}
{"level":"info","message":"Fetching projects for user: 23","service":"project-management-service","timestamp":"2024-12-09 14:27:14"}
{"level":"info","message":"Owned projects retrieved: 1","service":"project-management-service","timestamp":"2024-12-09 14:27:14"}
{"level":"info","message":"Collaborator projects retrieved: 0","service":"project-management-service","timestamp":"2024-12-09 14:27:14"}
{"level":"info","message":"Unique projects retrieved: 1","service":"project-management-service","timestamp":"2024-12-09 14:27:14"}
{"level":"info","message":"Project retrieved successfully: 11","service":"project-management-service","timestamp":"2024-12-09 14:27:19"}
{"level":"info","message":"Collaborators retrieved for project ID 11: 1","service":"project-management-service","timestamp":"2024-12-09 14:27:19"}
{"level":"info","message":"Project retrieved successfully: 11","service":"project-management-service","timestamp":"2024-12-09 14:27:19"}
{"level":"info","message":"Collaborators retrieved for project ID 11: 1","service":"project-management-service","timestamp":"2024-12-09 14:27:19"}
{"level":"info","message":"Loaded Routes: {\"user\":\"/api/users\",\"project\":\"/api/projects\",\"task\":\"/api/tasks\",\"company\":\"/api/companies\"}","service":"project-management-service","timestamp":"2024-12-09 14:28:15"}
{"level":"info","message":"Server running on port 5001","service":"project-management-service","timestamp":"2024-12-09 14:28:15"}
{"level":"info","message":"Database synced successfully","service":"project-management-service","timestamp":"2024-12-09 14:28:15"}
{"level":"info","message":"User 23 is creating a task in project 11, stage 3 with data: {\"project_id\":11,\"stage_id\":3,\"task_name\":\"Test Task\",\"description\":\"This is a test task.\",\"due_date\":\"2024-12-31\",\"priority\":\"High\"}","service":"project-management-service","timestamp":"2024-12-09 14:29:53"}
{"level":"warn","message":"Stage not found or does not belong to project: stage_id=3, project_id=11","service":"project-management-service","timestamp":"2024-12-09 14:29:53"}
{"level":"info","message":"Stages retrieved for project_id 11: 8","service":"project-management-service","timestamp":"2024-12-09 14:30:01"}
{"level":"info","message":"User 23 is creating a task in project 11, stage 86 with data: {\"project_id\":11,\"stage_id\":86,\"task_name\":\"Test Task\",\"description\":\"This is a test task.\",\"due_date\":\"2024-12-31\",\"priority\":\"High\"}","service":"project-management-service","timestamp":"2024-12-09 14:30:12"}
{"level":"info","message":"Task created successfully: 131 by user_id: 23","service":"project-management-service","timestamp":"2024-12-09 14:30:13"}
{"level":"info","message":"Loaded Routes: {\"user\":\"/api/users\",\"project\":\"/api/projects\",\"task\":\"/api/tasks\",\"company\":\"/api/companies\"}","service":"project-management-service","timestamp":"2024-12-09 14:48:10"}
{"level":"info","message":"Server running on port 5001","service":"project-management-service","timestamp":"2024-12-09 14:48:10"}
{"level":"info","message":"Database synced successfully","service":"project-management-service","timestamp":"2024-12-09 14:48:11"}
{"level":"info","message":"Fetching user details for user ID: 23","service":"project-management-service","timestamp":"2024-12-09 14:48:31"}
{"level":"info","message":"User details retrieved successfully for user ID: 23","service":"project-management-service","timestamp":"2024-12-09 14:48:31"}
{"level":"info","message":"Collaborators retrieved for project ID 11: 1","service":"project-management-service","timestamp":"2024-12-09 14:48:31"}
{"level":"info","message":"Project retrieved successfully: 11","service":"project-management-service","timestamp":"2024-12-09 14:48:31"}
{"level":"info","message":"Fetching user details for user ID: 23","service":"project-management-service","timestamp":"2024-12-09 14:48:31"}
{"level":"info","message":"Collaborators retrieved for project ID 11: 1","service":"project-management-service","timestamp":"2024-12-09 14:48:31"}
{"level":"info","message":"User details retrieved successfully for user ID: 23","service":"project-management-service","timestamp":"2024-12-09 14:48:31"}
{"level":"info","message":"Project retrieved successfully: 11","service":"project-management-service","timestamp":"2024-12-09 14:48:31"}
{"level":"info","message":"Fetching user details for user ID: 23","service":"project-management-service","timestamp":"2024-12-09 14:48:45"}
{"level":"info","message":"Project retrieved successfully: 11","service":"project-management-service","timestamp":"2024-12-09 14:48:45"}
{"level":"info","message":"Collaborators retrieved for project ID 11: 1","service":"project-management-service","timestamp":"2024-12-09 14:48:45"}
{"level":"info","message":"Project retrieved successfully: 11","service":"project-management-service","timestamp":"2024-12-09 14:48:45"}
{"level":"info","message":"User details retrieved successfully for user ID: 23","service":"project-management-service","timestamp":"2024-12-09 14:48:45"}
{"level":"info","message":"Fetching user details for user ID: 23","service":"project-management-service","timestamp":"2024-12-09 14:48:45"}
{"level":"info","message":"User details retrieved successfully for user ID: 23","service":"project-management-service","timestamp":"2024-12-09 14:48:45"}
{"level":"info","message":"Collaborators retrieved for project ID 11: 1","service":"project-management-service","timestamp":"2024-12-09 14:48:45"}
{"level":"info","message":"Fetching user details for user ID: 23","service":"project-management-service","timestamp":"2024-12-09 14:49:14"}
{"level":"info","message":"User details retrieved successfully for user ID: 23","service":"project-management-service","timestamp":"2024-12-09 14:49:14"}
{"level":"info","message":"Fetching user details for user ID: 23","service":"project-management-service","timestamp":"2024-12-09 14:49:14"}
{"level":"info","message":"User details retrieved successfully for user ID: 23","service":"project-management-service","timestamp":"2024-12-09 14:49:14"}
{"level":"info","message":"Fetching user details for user ID: 23","service":"project-management-service","timestamp":"2024-12-09 14:49:17"}
{"level":"info","message":"User details retrieved successfully for user ID: 23","service":"project-management-service","timestamp":"2024-12-09 14:49:17"}
{"level":"info","message":"Fetching user details for user ID: 23","service":"project-management-service","timestamp":"2024-12-09 14:49:17"}
{"level":"info","message":"User details retrieved successfully for user ID: 23","service":"project-management-service","timestamp":"2024-12-09 14:49:17"}
{"level":"info","message":"Custom stage created successfully: 109 in project 11","service":"project-management-service","timestamp":"2024-12-09 14:49:29"}
{"level":"info","message":"Project retrieved successfully: 11","service":"project-management-service","timestamp":"2024-12-09 14:49:29"}
{"level":"info","message":"Collaborators retrieved for project ID 11: 1","service":"project-management-service","timestamp":"2024-12-09 14:49:29"}
{"level":"info","message":"Loaded Routes: {\"user\":\"/api/users\",\"project\":\"/api/projects\",\"task\":\"/api/tasks\",\"company\":\"/api/companies\"}","service":"project-management-service","timestamp":"2024-12-09 15:36:37"}
{"level":"info","message":"Server running on port 5001","service":"project-management-service","timestamp":"2024-12-09 15:36:37"}
{"level":"info","message":"Database synced successfully","service":"project-management-service","timestamp":"2024-12-09 15:36:37"}
{"level":"info","message":"Login attempt with email: test@test.test","service":"project-management-service","timestamp":"2024-12-09 15:52:29"}
{"level":"info","message":"Login successful for user: test@test.test","service":"project-management-service","timestamp":"2024-12-09 15:52:30"}
{"level":"info","message":"Fetching projects for user: 23","service":"project-management-service","timestamp":"2024-12-09 15:52:31"}
{"level":"info","message":"Owned projects retrieved: 1","service":"project-management-service","timestamp":"2024-12-09 15:52:31"}
{"level":"info","message":"Collaborator projects retrieved: 0","service":"project-management-service","timestamp":"2024-12-09 15:52:31"}
{"level":"info","message":"Unique projects retrieved: 1","service":"project-management-service","timestamp":"2024-12-09 15:52:31"}
{"level":"info","message":"Fetching projects for user: 23","service":"project-management-service","timestamp":"2024-12-09 15:52:31"}
{"level":"info","message":"Owned projects retrieved: 1","service":"project-management-service","timestamp":"2024-12-09 15:52:31"}
{"level":"info","message":"Collaborator projects retrieved: 0","service":"project-management-service","timestamp":"2024-12-09 15:52:31"}
{"level":"info","message":"Unique projects retrieved: 1","service":"project-management-service","timestamp":"2024-12-09 15:52:31"}
{"level":"info","message":"Project retrieved successfully: 11","service":"project-management-service","timestamp":"2024-12-09 15:52:34"}
{"level":"info","message":"Collaborators retrieved for project ID 11: 1","service":"project-management-service","timestamp":"2024-12-09 15:52:34"}
{"level":"info","message":"Project retrieved successfully: 11","service":"project-management-service","timestamp":"2024-12-09 15:52:34"}
{"level":"info","message":"Collaborators retrieved for project ID 11: 1","service":"project-management-service","timestamp":"2024-12-09 15:52:34"}
{"level":"info","message":"Loaded Routes: {\"user\":\"/api/users\",\"project\":\"/api/projects\",\"task\":\"/api/tasks\",\"company\":\"/api/companies\"}","service":"project-management-service","timestamp":"2024-12-09 15:53:26"}
{"level":"info","message":"Server running on port 5001","service":"project-management-service","timestamp":"2024-12-09 15:53:26"}
{"level":"info","message":"Database synced successfully","service":"project-management-service","timestamp":"2024-12-09 15:53:26"}
{"level":"info","message":"Fetching user details for user ID: 23","service":"project-management-service","timestamp":"2024-12-09 15:53:40"}
{"level":"info","message":"Project retrieved successfully: 11","service":"project-management-service","timestamp":"2024-12-09 15:53:40"}
{"level":"info","message":"Collaborators retrieved for project ID 11: 1","service":"project-management-service","timestamp":"2024-12-09 15:53:40"}
{"level":"info","message":"User details retrieved successfully for user ID: 23","service":"project-management-service","timestamp":"2024-12-09 15:53:40"}
{"level":"info","message":"Project retrieved successfully: 11","service":"project-management-service","timestamp":"2024-12-09 15:53:40"}
{"level":"info","message":"Fetching user details for user ID: 23","service":"project-management-service","timestamp":"2024-12-09 15:53:40"}
{"level":"info","message":"Collaborators retrieved for project ID 11: 1","service":"project-management-service","timestamp":"2024-12-09 15:53:40"}
{"level":"info","message":"User details retrieved successfully for user ID: 23","service":"project-management-service","timestamp":"2024-12-09 15:53:40"}
{"level":"info","message":"Fetching user details for user ID: 23","service":"project-management-service","timestamp":"2024-12-09 15:57:14"}
{"level":"info","message":"Project retrieved successfully: 11","service":"project-management-service","timestamp":"2024-12-09 15:57:14"}
{"level":"info","message":"Collaborators retrieved for project ID 11: 1","service":"project-management-service","timestamp":"2024-12-09 15:57:14"}
{"level":"info","message":"Project retrieved successfully: 11","service":"project-management-service","timestamp":"2024-12-09 15:57:14"}
{"level":"info","message":"User details retrieved successfully for user ID: 23","service":"project-management-service","timestamp":"2024-12-09 15:57:14"}
{"level":"info","message":"Fetching user details for user ID: 23","service":"project-management-service","timestamp":"2024-12-09 15:57:14"}
{"level":"info","message":"User details retrieved successfully for user ID: 23","service":"project-management-service","timestamp":"2024-12-09 15:57:14"}
{"level":"info","message":"Collaborators retrieved for project ID 11: 1","service":"project-management-service","timestamp":"2024-12-09 15:57:14"}
{"level":"info","message":"Fetching user details for user ID: 23","service":"project-management-service","timestamp":"2024-12-09 16:10:09"}
{"level":"info","message":"Project retrieved successfully: 11","service":"project-management-service","timestamp":"2024-12-09 16:10:09"}
{"level":"info","message":"Collaborators retrieved for project ID 11: 1","service":"project-management-service","timestamp":"2024-12-09 16:10:09"}
{"level":"info","message":"Project retrieved successfully: 11","service":"project-management-service","timestamp":"2024-12-09 16:10:09"}
{"level":"info","message":"User details retrieved successfully for user ID: 23","service":"project-management-service","timestamp":"2024-12-09 16:10:09"}
{"level":"info","message":"Fetching user details for user ID: 23","service":"project-management-service","timestamp":"2024-12-09 16:10:09"}
{"level":"info","message":"Collaborators retrieved for project ID 11: 1","service":"project-management-service","timestamp":"2024-12-09 16:10:09"}
{"level":"info","message":"User details retrieved successfully for user ID: 23","service":"project-management-service","timestamp":"2024-12-09 16:10:09"}
{"level":"info","message":"Fetching user details for user ID: 23","service":"project-management-service","timestamp":"2024-12-09 16:19:13"}
{"level":"info","message":"Project retrieved successfully: 11","service":"project-management-service","timestamp":"2024-12-09 16:19:13"}
{"level":"info","message":"Collaborators retrieved for project ID 11: 1","service":"project-management-service","timestamp":"2024-12-09 16:19:13"}
{"level":"info","message":"Project retrieved successfully: 11","service":"project-management-service","timestamp":"2024-12-09 16:19:13"}
{"level":"info","message":"User details retrieved successfully for user ID: 23","service":"project-management-service","timestamp":"2024-12-09 16:19:13"}
{"level":"info","message":"Fetching user details for user ID: 23","service":"project-management-service","timestamp":"2024-12-09 16:19:13"}
{"level":"info","message":"Collaborators retrieved for project ID 11: 1","service":"project-management-service","timestamp":"2024-12-09 16:19:13"}
{"level":"info","message":"User details retrieved successfully for user ID: 23","service":"project-management-service","timestamp":"2024-12-09 16:19:13"}
{"level":"info","message":"Fetching user details for user ID: 23","service":"project-management-service","timestamp":"2024-12-09 16:21:20"}
{"level":"info","message":"Project retrieved successfully: 11","service":"project-management-service","timestamp":"2024-12-09 16:21:20"}
{"level":"info","message":"Project retrieved successfully: 11","service":"project-management-service","timestamp":"2024-12-09 16:21:20"}
{"level":"info","message":"Collaborators retrieved for project ID 11: 1","service":"project-management-service","timestamp":"2024-12-09 16:21:20"}
{"level":"info","message":"Collaborators retrieved for project ID 11: 1","service":"project-management-service","timestamp":"2024-12-09 16:21:20"}
{"level":"info","message":"User details retrieved successfully for user ID: 23","service":"project-management-service","timestamp":"2024-12-09 16:21:20"}
{"level":"info","message":"Fetching user details for user ID: 23","service":"project-management-service","timestamp":"2024-12-09 16:21:20"}
{"level":"info","message":"User details retrieved successfully for user ID: 23","service":"project-management-service","timestamp":"2024-12-09 16:21:20"}
{"level":"info","message":"Fetching user details for user ID: 23","service":"project-management-service","timestamp":"2024-12-09 16:22:43"}
{"level":"info","message":"Project retrieved successfully: 11","service":"project-management-service","timestamp":"2024-12-09 16:22:43"}
{"level":"info","message":"Collaborators retrieved for project ID 11: 1","service":"project-management-service","timestamp":"2024-12-09 16:22:43"}
{"level":"info","message":"Project retrieved successfully: 11","service":"project-management-service","timestamp":"2024-12-09 16:22:43"}
{"level":"info","message":"User details retrieved successfully for user ID: 23","service":"project-management-service","timestamp":"2024-12-09 16:22:43"}
{"level":"info","message":"Fetching user details for user ID: 23","service":"project-management-service","timestamp":"2024-12-09 16:22:43"}
{"level":"info","message":"Collaborators retrieved for project ID 11: 1","service":"project-management-service","timestamp":"2024-12-09 16:22:43"}
{"level":"info","message":"User details retrieved successfully for user ID: 23","service":"project-management-service","timestamp":"2024-12-09 16:22:43"}
{"level":"info","message":"Fetching user details for user ID: 23","service":"project-management-service","timestamp":"2024-12-09 16:29:17"}
{"level":"info","message":"Project retrieved successfully: 11","service":"project-management-service","timestamp":"2024-12-09 16:29:17"}
{"level":"info","message":"Collaborators retrieved for project ID 11: 1","service":"project-management-service","timestamp":"2024-12-09 16:29:17"}
{"level":"info","message":"Project retrieved successfully: 11","service":"project-management-service","timestamp":"2024-12-09 16:29:17"}
{"level":"info","message":"User details retrieved successfully for user ID: 23","service":"project-management-service","timestamp":"2024-12-09 16:29:17"}
{"level":"info","message":"Fetching user details for user ID: 23","service":"project-management-service","timestamp":"2024-12-09 16:29:17"}
{"level":"info","message":"Collaborators retrieved for project ID 11: 1","service":"project-management-service","timestamp":"2024-12-09 16:29:17"}
{"level":"info","message":"User details retrieved successfully for user ID: 23","service":"project-management-service","timestamp":"2024-12-09 16:29:17"}
{"level":"info","message":"Fetching user details for user ID: 23","service":"project-management-service","timestamp":"2024-12-09 16:29:49"}
{"level":"info","message":"Project retrieved successfully: 11","service":"project-management-service","timestamp":"2024-12-09 16:29:49"}
{"level":"info","message":"Collaborators retrieved for project ID 11: 1","service":"project-management-service","timestamp":"2024-12-09 16:29:49"}
{"level":"info","message":"Project retrieved successfully: 11","service":"project-management-service","timestamp":"2024-12-09 16:29:49"}
{"level":"info","message":"User details retrieved successfully for user ID: 23","service":"project-management-service","timestamp":"2024-12-09 16:29:49"}
{"level":"info","message":"Fetching user details for user ID: 23","service":"project-management-service","timestamp":"2024-12-09 16:29:49"}
{"level":"info","message":"Collaborators retrieved for project ID 11: 1","service":"project-management-service","timestamp":"2024-12-09 16:29:49"}
{"level":"info","message":"User details retrieved successfully for user ID: 23","service":"project-management-service","timestamp":"2024-12-09 16:29:49"}
{"level":"info","message":"Fetching user details for user ID: 23","service":"project-management-service","timestamp":"2024-12-09 16:38:12"}
{"level":"info","message":"Project retrieved successfully: 11","service":"project-management-service","timestamp":"2024-12-09 16:38:12"}
{"level":"info","message":"Collaborators retrieved for project ID 11: 1","service":"project-management-service","timestamp":"2024-12-09 16:38:12"}
{"level":"info","message":"Project retrieved successfully: 11","service":"project-management-service","timestamp":"2024-12-09 16:38:12"}
{"level":"info","message":"User details retrieved successfully for user ID: 23","service":"project-management-service","timestamp":"2024-12-09 16:38:12"}
{"level":"info","message":"Fetching user details for user ID: 23","service":"project-management-service","timestamp":"2024-12-09 16:38:12"}
{"level":"info","message":"Collaborators retrieved for project ID 11: 1","service":"project-management-service","timestamp":"2024-12-09 16:38:12"}
{"level":"info","message":"User details retrieved successfully for user ID: 23","service":"project-management-service","timestamp":"2024-12-09 16:38:12"}
{"level":"info","message":"Fetching projects for user: 23","service":"project-management-service","timestamp":"2024-12-09 16:39:54"}
{"level":"info","message":"Owned projects retrieved: 1","service":"project-management-service","timestamp":"2024-12-09 16:39:54"}
{"level":"info","message":"Collaborator projects retrieved: 0","service":"project-management-service","timestamp":"2024-12-09 16:39:54"}
{"level":"info","message":"Unique projects retrieved: 1","service":"project-management-service","timestamp":"2024-12-09 16:39:54"}
{"level":"info","message":"Fetching projects for user: 23","service":"project-management-service","timestamp":"2024-12-09 16:39:54"}
{"level":"info","message":"Owned projects retrieved: 1","service":"project-management-service","timestamp":"2024-12-09 16:39:54"}
{"level":"info","message":"Collaborator projects retrieved: 0","service":"project-management-service","timestamp":"2024-12-09 16:39:54"}
{"level":"info","message":"Unique projects retrieved: 1","service":"project-management-service","timestamp":"2024-12-09 16:39:54"}
{"level":"info","message":"Project created successfully: 14 by user_id: 23","service":"project-management-service","timestamp":"2024-12-09 16:40:01"}
{"level":"info","message":"Owner assigned as collaborator with role: 0","service":"project-management-service","timestamp":"2024-12-09 16:40:01"}
{"level":"info","message":"Default stages created for project_id: 14","service":"project-management-service","timestamp":"2024-12-09 16:40:01"}
{"level":"warn","message":"No tasks defined for stage: Key Exchange","service":"project-management-service","timestamp":"2024-12-09 16:40:01"}
{"level":"info","message":"Default tasks created for project_id: 14","service":"project-management-service","timestamp":"2024-12-09 16:40:01"}
{"level":"info","message":"Fetching projects for user: 23","service":"project-management-service","timestamp":"2024-12-09 16:40:01"}
{"level":"info","message":"Owned projects retrieved: 2","service":"project-management-service","timestamp":"2024-12-09 16:40:01"}
{"level":"info","message":"Collaborator projects retrieved: 1","service":"project-management-service","timestamp":"2024-12-09 16:40:01"}
{"level":"info","message":"Unique projects retrieved: 2","service":"project-management-service","timestamp":"2024-12-09 16:40:01"}
{"level":"info","message":"Fetching projects for user: 23","service":"project-management-service","timestamp":"2024-12-09 16:40:01"}
{"level":"info","message":"Owned projects retrieved: 2","service":"project-management-service","timestamp":"2024-12-09 16:40:01"}
{"level":"info","message":"Collaborator projects retrieved: 1","service":"project-management-service","timestamp":"2024-12-09 16:40:01"}
{"level":"info","message":"Unique projects retrieved: 2","service":"project-management-service","timestamp":"2024-12-09 16:40:01"}
{"level":"info","message":"Project retrieved successfully: 14","service":"project-management-service","timestamp":"2024-12-09 16:40:03"}
{"level":"info","message":"Collaborators retrieved for project ID 14: 1","service":"project-management-service","timestamp":"2024-12-09 16:40:03"}
{"level":"info","message":"Project retrieved successfully: 14","service":"project-management-service","timestamp":"2024-12-09 16:40:03"}
{"level":"info","message":"Collaborators retrieved for project ID 14: 1","service":"project-management-service","timestamp":"2024-12-09 16:40:03"}
{"level":"info","message":"Login attempt with email: test@test.test","service":"project-management-service","timestamp":"2024-12-09 17:11:55"}
{"level":"info","message":"Login successful for user: test@test.test","service":"project-management-service","timestamp":"2024-12-09 17:11:55"}
{"level":"info","message":"Fetching projects for user: 23","service":"project-management-service","timestamp":"2024-12-09 17:11:57"}
{"level":"info","message":"Owned projects retrieved: 2","service":"project-management-service","timestamp":"2024-12-09 17:11:57"}
{"level":"info","message":"Collaborator projects retrieved: 1","service":"project-management-service","timestamp":"2024-12-09 17:11:57"}
{"level":"info","message":"Unique projects retrieved: 2","service":"project-management-service","timestamp":"2024-12-09 17:11:57"}
{"level":"info","message":"Fetching projects for user: 23","service":"project-management-service","timestamp":"2024-12-09 17:11:57"}
{"level":"info","message":"Owned projects retrieved: 2","service":"project-management-service","timestamp":"2024-12-09 17:11:57"}
{"level":"info","message":"Collaborator projects retrieved: 1","service":"project-management-service","timestamp":"2024-12-09 17:11:57"}
{"level":"info","message":"Unique projects retrieved: 2","service":"project-management-service","timestamp":"2024-12-09 17:11:57"}
{"level":"info","message":"Project retrieved successfully: 11","service":"project-management-service","timestamp":"2024-12-09 17:11:59"}
{"level":"info","message":"Collaborators retrieved for project ID 11: 1","service":"project-management-service","timestamp":"2024-12-09 17:11:59"}
{"level":"info","message":"Project retrieved successfully: 11","service":"project-management-service","timestamp":"2024-12-09 17:11:59"}
{"level":"info","message":"Collaborators retrieved for project ID 11: 1","service":"project-management-service","timestamp":"2024-12-09 17:11:59"}
{"level":"info","message":"Project retrieved successfully: 11","service":"project-management-service","timestamp":"2024-12-09 17:31:44"}
{"level":"info","message":"Collaborators retrieved for project ID 11: 1","service":"project-management-service","timestamp":"2024-12-09 17:31:44"}
{"level":"info","message":"Fetching user details for user ID: 23","service":"project-management-service","timestamp":"2024-12-09 17:32:26"}
{"level":"info","message":"Project retrieved successfully: 11","service":"project-management-service","timestamp":"2024-12-09 17:32:26"}
{"level":"info","message":"Collaborators retrieved for project ID 11: 1","service":"project-management-service","timestamp":"2024-12-09 17:32:26"}
{"level":"info","message":"Project retrieved successfully: 11","service":"project-management-service","timestamp":"2024-12-09 17:32:26"}
{"level":"info","message":"User details retrieved successfully for user ID: 23","service":"project-management-service","timestamp":"2024-12-09 17:32:26"}
{"level":"info","message":"Fetching user details for user ID: 23","service":"project-management-service","timestamp":"2024-12-09 17:32:26"}
{"level":"info","message":"Collaborators retrieved for project ID 11: 1","service":"project-management-service","timestamp":"2024-12-09 17:32:26"}
{"level":"info","message":"User details retrieved successfully for user ID: 23","service":"project-management-service","timestamp":"2024-12-09 17:32:26"}
{"level":"info","message":"Project retrieved successfully: 11","service":"project-management-service","timestamp":"2024-12-09 17:33:34"}
{"level":"info","message":"Collaborators retrieved for project ID 11: 1","service":"project-management-service","timestamp":"2024-12-09 17:33:34"}
{"level":"info","message":"Loaded Routes: {\"user\":\"/api/users\",\"project\":\"/api/projects\",\"task\":\"/api/tasks\",\"company\":\"/api/companies\"}","service":"project-management-service","timestamp":"2024-12-09 17:34:47"}
{"level":"info","message":"Server running on port 5001","service":"project-management-service","timestamp":"2024-12-09 17:34:47"}
{"level":"info","message":"Database synced successfully","service":"project-management-service","timestamp":"2024-12-09 17:34:48"}
{"level":"info","message":"Fetching user details for user ID: 23","service":"project-management-service","timestamp":"2024-12-09 17:45:52"}
{"level":"info","message":"Project retrieved successfully: 11","service":"project-management-service","timestamp":"2024-12-09 17:45:53"}
{"level":"info","message":"Collaborators retrieved for project ID 11: 1","service":"project-management-service","timestamp":"2024-12-09 17:45:53"}
{"level":"info","message":"User details retrieved successfully for user ID: 23","service":"project-management-service","timestamp":"2024-12-09 17:45:53"}
{"level":"info","message":"Fetching user details for user ID: 23","service":"project-management-service","timestamp":"2024-12-09 17:45:53"}
{"level":"info","message":"Project retrieved successfully: 11","service":"project-management-service","timestamp":"2024-12-09 17:45:53"}
{"level":"info","message":"Collaborators retrieved for project ID 11: 1","service":"project-management-service","timestamp":"2024-12-09 17:45:53"}
{"level":"info","message":"User details retrieved successfully for user ID: 23","service":"project-management-service","timestamp":"2024-12-09 17:45:53"}
{"level":"info","message":"Fetching user details for user ID: 23","service":"project-management-service","timestamp":"2024-12-09 17:51:11"}
{"level":"info","message":"Project retrieved successfully: 11","service":"project-management-service","timestamp":"2024-12-09 17:51:11"}
{"level":"info","message":"Collaborators retrieved for project ID 11: 1","service":"project-management-service","timestamp":"2024-12-09 17:51:11"}
{"level":"info","message":"Project retrieved successfully: 11","service":"project-management-service","timestamp":"2024-12-09 17:51:11"}
{"level":"info","message":"User details retrieved successfully for user ID: 23","service":"project-management-service","timestamp":"2024-12-09 17:51:11"}
{"level":"info","message":"Fetching user details for user ID: 23","service":"project-management-service","timestamp":"2024-12-09 17:51:11"}
{"level":"info","message":"Collaborators retrieved for project ID 11: 1","service":"project-management-service","timestamp":"2024-12-09 17:51:11"}
{"level":"info","message":"User details retrieved successfully for user ID: 23","service":"project-management-service","timestamp":"2024-12-09 17:51:11"}
{"level":"info","message":"Fetching user details for user ID: 23","service":"project-management-service","timestamp":"2024-12-09 17:53:47"}
{"level":"info","message":"Project retrieved successfully: 11","service":"project-management-service","timestamp":"2024-12-09 17:53:47"}
{"level":"info","message":"Collaborators retrieved for project ID 11: 1","service":"project-management-service","timestamp":"2024-12-09 17:53:47"}
{"level":"info","message":"Project retrieved successfully: 11","service":"project-management-service","timestamp":"2024-12-09 17:53:47"}
{"level":"info","message":"User details retrieved successfully for user ID: 23","service":"project-management-service","timestamp":"2024-12-09 17:53:47"}
{"level":"info","message":"Fetching user details for user ID: 23","service":"project-management-service","timestamp":"2024-12-09 17:53:47"}
{"level":"info","message":"User details retrieved successfully for user ID: 23","service":"project-management-service","timestamp":"2024-12-09 17:53:47"}
{"level":"info","message":"Collaborators retrieved for project ID 11: 1","service":"project-management-service","timestamp":"2024-12-09 17:53:47"}
{"level":"info","message":"Fetching user details for user ID: 23","service":"project-management-service","timestamp":"2024-12-09 17:57:39"}
{"level":"info","message":"Project retrieved successfully: 11","service":"project-management-service","timestamp":"2024-12-09 17:57:39"}
{"level":"info","message":"Project retrieved successfully: 11","service":"project-management-service","timestamp":"2024-12-09 17:57:39"}
{"level":"info","message":"Collaborators retrieved for project ID 11: 1","service":"project-management-service","timestamp":"2024-12-09 17:57:39"}
{"level":"info","message":"Collaborators retrieved for project ID 11: 1","service":"project-management-service","timestamp":"2024-12-09 17:57:39"}
{"level":"info","message":"User details retrieved successfully for user ID: 23","service":"project-management-service","timestamp":"2024-12-09 17:57:39"}
{"level":"info","message":"Fetching user details for user ID: 23","service":"project-management-service","timestamp":"2024-12-09 17:57:39"}
{"level":"info","message":"User details retrieved successfully for user ID: 23","service":"project-management-service","timestamp":"2024-12-09 17:57:39"}
{"level":"info","message":"Loaded Routes: {\"user\":\"/api/users\",\"project\":\"/api/projects\",\"task\":\"/api/tasks\",\"company\":\"/api/companies\"}","service":"project-management-service","timestamp":"2024-12-09 18:01:45"}
{"level":"info","message":"Server running on port 5001","service":"project-management-service","timestamp":"2024-12-09 18:01:45"}
{"level":"info","message":"Database synced successfully","service":"project-management-service","timestamp":"2024-12-09 18:01:46"}
{"level":"info","message":"Fetching user details for user ID: 23","service":"project-management-service","timestamp":"2024-12-09 18:02:02"}
{"level":"info","message":"User details retrieved successfully for user ID: 23","service":"project-management-service","timestamp":"2024-12-09 18:02:02"}
{"level":"info","message":"Fetching user details for user ID: 23","service":"project-management-service","timestamp":"2024-12-09 18:02:02"}
{"level":"info","message":"User details retrieved successfully for user ID: 23","service":"project-management-service","timestamp":"2024-12-09 18:02:02"}
{"level":"info","message":"Login attempt with email: test@test.test","service":"project-management-service","timestamp":"2024-12-09 18:02:11"}
{"level":"info","message":"Login successful for user: test@test.test","service":"project-management-service","timestamp":"2024-12-09 18:02:12"}
{"level":"info","message":"Fetching projects for user: 23","service":"project-management-service","timestamp":"2024-12-09 18:02:13"}
{"level":"info","message":"Owned projects retrieved: 2","service":"project-management-service","timestamp":"2024-12-09 18:02:13"}
{"level":"info","message":"Collaborator projects retrieved: 1","service":"project-management-service","timestamp":"2024-12-09 18:02:13"}
{"level":"info","message":"Unique projects retrieved: 2","service":"project-management-service","timestamp":"2024-12-09 18:02:13"}
{"level":"info","message":"Fetching projects for user: 23","service":"project-management-service","timestamp":"2024-12-09 18:02:13"}
{"level":"info","message":"Owned projects retrieved: 2","service":"project-management-service","timestamp":"2024-12-09 18:02:13"}
{"level":"info","message":"Collaborator projects retrieved: 1","service":"project-management-service","timestamp":"2024-12-09 18:02:13"}
{"level":"info","message":"Unique projects retrieved: 2","service":"project-management-service","timestamp":"2024-12-09 18:02:13"}
{"level":"info","message":"Project retrieved successfully: 11","service":"project-management-service","timestamp":"2024-12-09 18:02:17"}
{"level":"info","message":"Collaborators retrieved for project ID 11: 1","service":"project-management-service","timestamp":"2024-12-09 18:02:17"}
{"level":"info","message":"Project retrieved successfully: 11","service":"project-management-service","timestamp":"2024-12-09 18:02:17"}
{"level":"info","message":"Collaborators retrieved for project ID 11: 1","service":"project-management-service","timestamp":"2024-12-09 18:02:17"}
{"level":"info","message":"Fetching user details for user ID: 23","service":"project-management-service","timestamp":"2024-12-09 18:53:24"}
{"level":"info","message":"Project retrieved successfully: 11","service":"project-management-service","timestamp":"2024-12-09 18:53:24"}
{"level":"info","message":"Collaborators retrieved for project ID 11: 1","service":"project-management-service","timestamp":"2024-12-09 18:53:24"}
{"level":"info","message":"Project retrieved successfully: 11","service":"project-management-service","timestamp":"2024-12-09 18:53:24"}
{"level":"info","message":"Collaborators retrieved for project ID 11: 1","service":"project-management-service","timestamp":"2024-12-09 18:53:24"}
{"level":"info","message":"User details retrieved successfully for user ID: 23","service":"project-management-service","timestamp":"2024-12-09 18:53:24"}
{"level":"info","message":"Project retrieved successfully: 11","service":"project-management-service","timestamp":"2024-12-09 18:53:48"}
{"level":"info","message":"Collaborators retrieved for project ID 11: 1","service":"project-management-service","timestamp":"2024-12-09 18:53:48"}
{"level":"info","message":"Project retrieved successfully: 11","service":"project-management-service","timestamp":"2024-12-09 18:53:48"}
{"level":"info","message":"Collaborators retrieved for project ID 11: 1","service":"project-management-service","timestamp":"2024-12-09 18:53:48"}
{"level":"info","message":"Login attempt with email: test@test.test","service":"project-management-service","timestamp":"2024-12-09 19:41:15"}
{"level":"info","message":"Login successful for user: test@test.test","service":"project-management-service","timestamp":"2024-12-09 19:41:15"}
{"level":"info","message":"Loaded Routes: {\"user\":\"/api/users\",\"project\":\"/api/projects\",\"task\":\"/api/tasks\",\"company\":\"/api/companies\"}","service":"project-management-service","timestamp":"2024-12-09 19:41:47"}
{"level":"info","message":"Server running on port 5001","service":"project-management-service","timestamp":"2024-12-09 19:41:47"}
{"level":"error","message":"Database sync error: column \"password\" of relation \"users\" contains null values","name":"SequelizeDatabaseError","original":{"code":"23502","column":"password","file":"tablecmds.c","length":146,"line":"5943","name":"error","routine":"ATRewriteTable","schema":"public","severity":"ERROR","sql":"ALTER TABLE \"public\".\"users\" ADD COLUMN \"password\" VARCHAR(255) NOT NULL;","table":"users"},"parameters":{},"parent":{"code":"23502","column":"password","file":"tablecmds.c","length":146,"line":"5943","name":"error","routine":"ATRewriteTable","schema":"public","severity":"ERROR","sql":"ALTER TABLE \"public\".\"users\" ADD COLUMN \"password\" VARCHAR(255) NOT NULL;","table":"users"},"service":"project-management-service","sql":"ALTER TABLE \"public\".\"users\" ADD COLUMN \"password\" VARCHAR(255) NOT NULL;","stack":"Error\n    at Query.run (/Users/thomasdeane/Project/New_Start/Backend/node_modules/sequelize/lib/dialects/postgres/query.js:50:25)\n    at /Users/thomasdeane/Project/New_Start/Backend/node_modules/sequelize/lib/sequelize.js:315:28\n    at process.processTicksAndRejections (node:internal/process/task_queues:105:5)\n    at async PostgresQueryInterface.addColumn (/Users/thomasdeane/Project/New_Start/Backend/node_modules/sequelize/lib/dialects/abstract/query-interface.js:184:12)\n    at async User.sync (/Users/thomasdeane/Project/New_Start/Backend/node_modules/sequelize/lib/model.js:958:11)\n    at async Sequelize._syncModelsWithCyclicReferences (/Users/thomasdeane/Project/New_Start/Backend/node_modules/sequelize/lib/sequelize.js:395:7)","timestamp":"2024-12-09 19:41:47"}
{"level":"info","message":"Loaded Routes: {\"user\":\"/api/users\",\"project\":\"/api/projects\",\"task\":\"/api/tasks\",\"company\":\"/api/companies\"}","service":"project-management-service","timestamp":"2024-12-09 19:47:35"}
{"level":"info","message":"Server running on port 5001","service":"project-management-service","timestamp":"2024-12-09 19:47:35"}
{"level":"error","message":"Database sync error: column \"company_id\" of relation \"users\" contains null values","name":"SequelizeDatabaseError","original":{"code":"23502","column":"company_id","file":"tablecmds.c","length":150,"line":"5943","name":"error","routine":"ATRewriteTable","schema":"public","severity":"ERROR","sql":"ALTER TABLE \"users\" ALTER COLUMN \"company_id\" SET NOT NULL;ALTER TABLE \"users\"  ADD FOREIGN KEY (\"company_id\") REFERENCES \"companies\" (\"company_id\") ON DELETE CASCADE ON UPDATE CASCADE;","table":"users"},"parameters":{},"parent":{"code":"23502","column":"company_id","file":"tablecmds.c","length":150,"line":"5943","name":"error","routine":"ATRewriteTable","schema":"public","severity":"ERROR","sql":"ALTER TABLE \"users\" ALTER COLUMN \"company_id\" SET NOT NULL;ALTER TABLE \"users\"  ADD FOREIGN KEY (\"company_id\") REFERENCES \"companies\" (\"company_id\") ON DELETE CASCADE ON UPDATE CASCADE;","table":"users"},"service":"project-management-service","sql":"ALTER TABLE \"users\" ALTER COLUMN \"company_id\" SET NOT NULL;ALTER TABLE \"users\"  ADD FOREIGN KEY (\"company_id\") REFERENCES \"companies\" (\"company_id\") ON DELETE CASCADE ON UPDATE CASCADE;","stack":"Error\n    at Query.run (/Users/thomasdeane/Project/New_Start/Backend/node_modules/sequelize/lib/dialects/postgres/query.js:50:25)\n    at /Users/thomasdeane/Project/New_Start/Backend/node_modules/sequelize/lib/sequelize.js:315:28\n    at process.processTicksAndRejections (node:internal/process/task_queues:105:5)\n    at async User.sync (/Users/thomasdeane/Project/New_Start/Backend/node_modules/sequelize/lib/model.js:984:11)\n    at async Sequelize._syncModelsWithCyclicReferences (/Users/thomasdeane/Project/New_Start/Backend/node_modules/sequelize/lib/sequelize.js:395:7)","timestamp":"2024-12-09 19:47:36"}
{"level":"info","message":"Loaded Routes: {\"user\":\"/api/users\",\"project\":\"/api/projects\",\"task\":\"/api/tasks\",\"company\":\"/api/companies\"}","service":"project-management-service","timestamp":"2024-12-09 19:54:42"}
{"level":"info","message":"Server running on port 5001","service":"project-management-service","timestamp":"2024-12-09 19:54:42"}
{"level":"error","message":"Database sync error: column \"company_id\" of relation \"users\" contains null values","name":"SequelizeDatabaseError","original":{"code":"23502","column":"company_id","file":"tablecmds.c","length":150,"line":"5943","name":"error","routine":"ATRewriteTable","schema":"public","severity":"ERROR","sql":"ALTER TABLE \"users\" ALTER COLUMN \"company_id\" SET NOT NULL;ALTER TABLE \"users\"  ADD FOREIGN KEY (\"company_id\") REFERENCES \"companies\" (\"company_id\") ON DELETE CASCADE ON UPDATE CASCADE;","table":"users"},"parameters":{},"parent":{"code":"23502","column":"company_id","file":"tablecmds.c","length":150,"line":"5943","name":"error","routine":"ATRewriteTable","schema":"public","severity":"ERROR","sql":"ALTER TABLE \"users\" ALTER COLUMN \"company_id\" SET NOT NULL;ALTER TABLE \"users\"  ADD FOREIGN KEY (\"company_id\") REFERENCES \"companies\" (\"company_id\") ON DELETE CASCADE ON UPDATE CASCADE;","table":"users"},"service":"project-management-service","sql":"ALTER TABLE \"users\" ALTER COLUMN \"company_id\" SET NOT NULL;ALTER TABLE \"users\"  ADD FOREIGN KEY (\"company_id\") REFERENCES \"companies\" (\"company_id\") ON DELETE CASCADE ON UPDATE CASCADE;","stack":"Error\n    at Query.run (/Users/thomasdeane/Project/New_Start/Backend/node_modules/sequelize/lib/dialects/postgres/query.js:50:25)\n    at /Users/thomasdeane/Project/New_Start/Backend/node_modules/sequelize/lib/sequelize.js:315:28\n    at process.processTicksAndRejections (node:internal/process/task_queues:105:5)\n    at async User.sync (/Users/thomasdeane/Project/New_Start/Backend/node_modules/sequelize/lib/model.js:984:11)\n    at async Sequelize._syncModelsWithCyclicReferences (/Users/thomasdeane/Project/New_Start/Backend/node_modules/sequelize/lib/sequelize.js:395:7)","timestamp":"2024-12-09 19:54:43"}
{"level":"info","message":"Loaded Routes: {\"user\":\"/api/users\",\"project\":\"/api/projects\",\"task\":\"/api/tasks\",\"company\":\"/api/companies\"}","service":"project-management-service","timestamp":"2024-12-09 20:00:05"}
{"level":"info","message":"Server running on port 5001","service":"project-management-service","timestamp":"2024-12-09 20:00:05"}
{"level":"info","message":"Database synced successfully","service":"project-management-service","timestamp":"2024-12-09 20:00:05"}
{"level":"warn","message":"Login failed: User not found with email=test@test.com","service":"project-management-service","timestamp":"2024-12-09 20:00:19"}
{"level":"info","message":"User logged in: user_id=23","service":"project-management-service","timestamp":"2024-12-09 20:00:25"}
{"level":"info","message":"User logged in: user_id=23","service":"project-management-service","timestamp":"2024-12-09 20:01:12"}
{"level":"info","message":"User logged in: user_id=23","service":"project-management-service","timestamp":"2024-12-09 20:01:25"}
{"level":"info","message":"Fetching user details for user ID: 23","service":"project-management-service","timestamp":"2024-12-09 20:03:59"}
{"level":"info","message":"User details retrieved successfully for user ID: 23","service":"project-management-service","timestamp":"2024-12-09 20:03:59"}
{"level":"info","message":"Fetching user details for user ID: 23","service":"project-management-service","timestamp":"2024-12-09 20:03:59"}
{"level":"info","message":"User details retrieved successfully for user ID: 23","service":"project-management-service","timestamp":"2024-12-09 20:03:59"}
{"level":"info","message":"Fetching projects for user: 23","service":"project-management-service","timestamp":"2024-12-09 20:04:01"}
{"level":"info","message":"Owned projects retrieved: 2","service":"project-management-service","timestamp":"2024-12-09 20:04:01"}
{"level":"info","message":"Collaborator projects retrieved: 1","service":"project-management-service","timestamp":"2024-12-09 20:04:01"}
{"level":"info","message":"Unique projects retrieved: 2","service":"project-management-service","timestamp":"2024-12-09 20:04:01"}
{"level":"info","message":"Fetching projects for user: 23","service":"project-management-service","timestamp":"2024-12-09 20:04:01"}
{"level":"info","message":"Owned projects retrieved: 2","service":"project-management-service","timestamp":"2024-12-09 20:04:01"}
{"level":"info","message":"Collaborator projects retrieved: 1","service":"project-management-service","timestamp":"2024-12-09 20:04:01"}
{"level":"info","message":"Unique projects retrieved: 2","service":"project-management-service","timestamp":"2024-12-09 20:04:01"}
{"level":"info","message":"Project retrieved successfully: 11","service":"project-management-service","timestamp":"2024-12-09 20:04:04"}
{"level":"info","message":"Collaborators retrieved for project ID 11: 1","service":"project-management-service","timestamp":"2024-12-09 20:04:04"}
{"level":"info","message":"Project retrieved successfully: 11","service":"project-management-service","timestamp":"2024-12-09 20:04:04"}
{"level":"info","message":"Collaborators retrieved for project ID 11: 1","service":"project-management-service","timestamp":"2024-12-09 20:04:04"}
{"level":"info","message":"User logged in: user_id=23","service":"project-management-service","timestamp":"2024-12-09 20:04:17"}
{"level":"info","message":"Fetching user details for user ID: 23","service":"project-management-service","timestamp":"2024-12-09 20:04:23"}
{"level":"info","message":"User details retrieved successfully for user ID: 23","service":"project-management-service","timestamp":"2024-12-09 20:04:23"}
{"level":"info","message":"Fetching user details for user ID: 23","service":"project-management-service","timestamp":"2024-12-09 20:04:23"}
{"level":"info","message":"User details retrieved successfully for user ID: 23","service":"project-management-service","timestamp":"2024-12-09 20:04:23"}
{"level":"info","message":"Fetching projects for user: 23","service":"project-management-service","timestamp":"2024-12-09 20:04:23"}
{"level":"info","message":"Owned projects retrieved: 2","service":"project-management-service","timestamp":"2024-12-09 20:04:23"}
{"level":"info","message":"Collaborator projects retrieved: 1","service":"project-management-service","timestamp":"2024-12-09 20:04:23"}
{"level":"info","message":"Unique projects retrieved: 2","service":"project-management-service","timestamp":"2024-12-09 20:04:23"}
{"level":"info","message":"Fetching projects for user: 23","service":"project-management-service","timestamp":"2024-12-09 20:04:23"}
{"level":"info","message":"Owned projects retrieved: 2","service":"project-management-service","timestamp":"2024-12-09 20:04:23"}
{"level":"info","message":"Collaborator projects retrieved: 1","service":"project-management-service","timestamp":"2024-12-09 20:04:23"}
{"level":"info","message":"Unique projects retrieved: 2","service":"project-management-service","timestamp":"2024-12-09 20:04:23"}
{"level":"info","message":"Project retrieved successfully: 11","service":"project-management-service","timestamp":"2024-12-09 20:04:29"}
{"level":"info","message":"Collaborators retrieved for project ID 11: 1","service":"project-management-service","timestamp":"2024-12-09 20:04:29"}
{"level":"info","message":"Project retrieved successfully: 11","service":"project-management-service","timestamp":"2024-12-09 20:04:29"}
{"level":"info","message":"Collaborators retrieved for project ID 11: 1","service":"project-management-service","timestamp":"2024-12-09 20:04:29"}
{"level":"info","message":"Fetching user details for user ID: 23","service":"project-management-service","timestamp":"2024-12-09 20:15:32"}
{"level":"info","message":"User details retrieved successfully for user ID: 23","service":"project-management-service","timestamp":"2024-12-09 20:15:32"}
{"level":"info","message":"Fetching projects for user: 23","service":"project-management-service","timestamp":"2024-12-09 20:15:32"}
{"level":"info","message":"Owned projects retrieved: 2","service":"project-management-service","timestamp":"2024-12-09 20:15:32"}
{"level":"info","message":"Collaborator projects retrieved: 1","service":"project-management-service","timestamp":"2024-12-09 20:15:32"}
{"level":"info","message":"Unique projects retrieved: 2","service":"project-management-service","timestamp":"2024-12-09 20:15:32"}
{"level":"info","message":"User logged in: user_id=23","service":"project-management-service","timestamp":"2024-12-09 20:16:12"}
{"level":"info","message":"Fetching projects for user: 23","service":"project-management-service","timestamp":"2024-12-09 20:16:12"}
{"level":"info","message":"Owned projects retrieved: 2","service":"project-management-service","timestamp":"2024-12-09 20:16:12"}
{"level":"info","message":"Collaborator projects retrieved: 1","service":"project-management-service","timestamp":"2024-12-09 20:16:12"}
{"level":"info","message":"Unique projects retrieved: 2","service":"project-management-service","timestamp":"2024-12-09 20:16:12"}
{"level":"info","message":"Project retrieved successfully: 11","service":"project-management-service","timestamp":"2024-12-09 20:16:16"}
{"level":"info","message":"Collaborators retrieved for project ID 11: 1","service":"project-management-service","timestamp":"2024-12-09 20:16:16"}
{"level":"info","message":"Fetching user details for user ID: 23","service":"project-management-service","timestamp":"2024-12-09 20:37:28"}
{"level":"info","message":"Fetching projects for user: 23","service":"project-management-service","timestamp":"2024-12-09 20:37:28"}
{"level":"info","message":"Owned projects retrieved: 2","service":"project-management-service","timestamp":"2024-12-09 20:37:29"}
{"level":"info","message":"User details retrieved successfully for user ID: 23","service":"project-management-service","timestamp":"2024-12-09 20:37:29"}
{"level":"info","message":"Collaborator projects retrieved: 1","service":"project-management-service","timestamp":"2024-12-09 20:37:29"}
{"level":"info","message":"Unique projects retrieved: 2","service":"project-management-service","timestamp":"2024-12-09 20:37:29"}
{"level":"info","message":"Fetching user details for user ID: 23","service":"project-management-service","timestamp":"2024-12-09 20:43:08"}
{"level":"info","message":"Fetching projects for user: 23","service":"project-management-service","timestamp":"2024-12-09 20:43:09"}
{"level":"info","message":"Owned projects retrieved: 2","service":"project-management-service","timestamp":"2024-12-09 20:43:09"}
{"level":"info","message":"User details retrieved successfully for user ID: 23","service":"project-management-service","timestamp":"2024-12-09 20:43:09"}
{"level":"info","message":"Collaborator projects retrieved: 1","service":"project-management-service","timestamp":"2024-12-09 20:43:09"}
{"level":"info","message":"Unique projects retrieved: 2","service":"project-management-service","timestamp":"2024-12-09 20:43:09"}
{"level":"info","message":"Project retrieved successfully: 11","service":"project-management-service","timestamp":"2024-12-09 20:48:47"}
{"level":"info","message":"Collaborators retrieved for project ID 11: 1","service":"project-management-service","timestamp":"2024-12-09 20:48:47"}
{"level":"info","message":"Fetching user details for user ID: 23","service":"project-management-service","timestamp":"2024-12-09 20:49:57"}
{"level":"info","message":"Fetching projects for user: 23","service":"project-management-service","timestamp":"2024-12-09 20:49:57"}
{"level":"info","message":"Owned projects retrieved: 2","service":"project-management-service","timestamp":"2024-12-09 20:49:57"}
{"level":"info","message":"Collaborator projects retrieved: 1","service":"project-management-service","timestamp":"2024-12-09 20:49:57"}
{"level":"info","message":"Unique projects retrieved: 2","service":"project-management-service","timestamp":"2024-12-09 20:49:57"}
{"level":"info","message":"User details retrieved successfully for user ID: 23","service":"project-management-service","timestamp":"2024-12-09 20:49:57"}
{"level":"info","message":"Project retrieved successfully: 11","service":"project-management-service","timestamp":"2024-12-09 20:50:42"}
{"level":"info","message":"Collaborators retrieved for project ID 11: 1","service":"project-management-service","timestamp":"2024-12-09 20:50:42"}
{"level":"info","message":"Fetching projects for user: 23","service":"project-management-service","timestamp":"2024-12-09 20:51:33"}
{"level":"info","message":"Owned projects retrieved: 2","service":"project-management-service","timestamp":"2024-12-09 20:51:33"}
{"level":"info","message":"Collaborator projects retrieved: 1","service":"project-management-service","timestamp":"2024-12-09 20:51:33"}
{"level":"info","message":"Unique projects retrieved: 2","service":"project-management-service","timestamp":"2024-12-09 20:51:33"}
{"level":"info","message":"Fetching projects for user: 23","service":"project-management-service","timestamp":"2024-12-09 20:51:36"}
{"level":"info","message":"Owned projects retrieved: 2","service":"project-management-service","timestamp":"2024-12-09 20:51:36"}
{"level":"info","message":"Collaborator projects retrieved: 1","service":"project-management-service","timestamp":"2024-12-09 20:51:36"}
{"level":"info","message":"Unique projects retrieved: 2","service":"project-management-service","timestamp":"2024-12-09 20:51:36"}
{"level":"info","message":"Fetching projects for user: 23","service":"project-management-service","timestamp":"2024-12-09 20:51:40"}
{"level":"info","message":"Owned projects retrieved: 2","service":"project-management-service","timestamp":"2024-12-09 20:51:40"}
{"level":"info","message":"Collaborator projects retrieved: 1","service":"project-management-service","timestamp":"2024-12-09 20:51:40"}
{"level":"info","message":"Unique projects retrieved: 2","service":"project-management-service","timestamp":"2024-12-09 20:51:40"}
{"level":"info","message":"User logged in: user_id=23","service":"project-management-service","timestamp":"2024-12-09 20:52:07"}
{"level":"info","message":"Fetching projects for user: 23","service":"project-management-service","timestamp":"2024-12-09 20:52:07"}
{"level":"info","message":"Owned projects retrieved: 2","service":"project-management-service","timestamp":"2024-12-09 20:52:07"}
{"level":"info","message":"Collaborator projects retrieved: 1","service":"project-management-service","timestamp":"2024-12-09 20:52:07"}
{"level":"info","message":"Unique projects retrieved: 2","service":"project-management-service","timestamp":"2024-12-09 20:52:07"}
{"level":"info","message":"Project created successfully: 15 by user_id: 23","service":"project-management-service","timestamp":"2024-12-09 20:52:24"}
{"level":"info","message":"Owner assigned as collaborator with role: 0","service":"project-management-service","timestamp":"2024-12-09 20:52:24"}
{"level":"info","message":"Default stages created for project_id: 15","service":"project-management-service","timestamp":"2024-12-09 20:52:24"}
{"level":"warn","message":"No tasks defined for stage: Key Exchange","service":"project-management-service","timestamp":"2024-12-09 20:52:24"}
{"level":"info","message":"Default tasks created for project_id: 15","service":"project-management-service","timestamp":"2024-12-09 20:52:24"}
{"level":"info","message":"Fetching projects for user: 23","service":"project-management-service","timestamp":"2024-12-09 20:52:24"}
{"level":"info","message":"Owned projects retrieved: 3","service":"project-management-service","timestamp":"2024-12-09 20:52:24"}
{"level":"info","message":"Collaborator projects retrieved: 2","service":"project-management-service","timestamp":"2024-12-09 20:52:24"}
{"level":"info","message":"Unique projects retrieved: 3","service":"project-management-service","timestamp":"2024-12-09 20:52:24"}
{"level":"info","message":"Project retrieved successfully: 15","service":"project-management-service","timestamp":"2024-12-09 20:52:26"}
{"level":"info","message":"Collaborators retrieved for project ID 15: 1","service":"project-management-service","timestamp":"2024-12-09 20:52:26"}
{"level":"info","message":"Fetching projects for user: 23","service":"project-management-service","timestamp":"2024-12-09 20:53:00"}
{"level":"info","message":"Owned projects retrieved: 3","service":"project-management-service","timestamp":"2024-12-09 20:53:00"}
{"level":"info","message":"Collaborator projects retrieved: 2","service":"project-management-service","timestamp":"2024-12-09 20:53:00"}
{"level":"info","message":"Unique projects retrieved: 3","service":"project-management-service","timestamp":"2024-12-09 20:53:00"}
{"level":"info","message":"User logged in: user_id=23","service":"project-management-service","timestamp":"2024-12-09 20:53:45"}
{"level":"info","message":"Fetching projects for user: 23","service":"project-management-service","timestamp":"2024-12-09 20:54:04"}
{"level":"info","message":"Owned projects retrieved: 3","service":"project-management-service","timestamp":"2024-12-09 20:54:04"}
{"level":"info","message":"Collaborator projects retrieved: 2","service":"project-management-service","timestamp":"2024-12-09 20:54:04"}
{"level":"info","message":"Unique projects retrieved: 3","service":"project-management-service","timestamp":"2024-12-09 20:54:04"}
{"level":"info","message":"Deleting project with ID: 15 by user ID: 23","service":"project-management-service","timestamp":"2024-12-09 20:54:27"}
{"level":"error","message":"Error in deleteProject: null value in column \"project_id\" of relation \"tasks\" violates not-null constraint null value in column \"project_id\" of relation \"tasks\" violates not-null constraint","name":"SequelizeDatabaseError","original":{"code":"23502","column":"project_id","detail":"Failing row contains (161, null, 118, 2024-12-09 20:52:24.628+00, 2024-12-09 20:54:27.800935+00, Set criteria for your housing search, f, 23, null, null, null).","file":"execMain.c","length":449,"line":"1889","name":"error","routine":"ExecConstraints","schema":"public","severity":"ERROR","sql":"DELETE FROM \"projects\" WHERE \"project_id\" = '15' AND \"owner_id\" = 23","table":"tasks","where":"SQL statement \"UPDATE ONLY \"public\".\"tasks\" SET \"project_id\" = NULL WHERE $1 OPERATOR(pg_catalog.=) \"project_id\"\""},"parameters":{},"parent":{"code":"23502","column":"project_id","detail":"Failing row contains (161, null, 118, 2024-12-09 20:52:24.628+00, 2024-12-09 20:54:27.800935+00, Set criteria for your housing search, f, 23, null, null, null).","file":"execMain.c","length":449,"line":"1889","name":"error","routine":"ExecConstraints","schema":"public","severity":"ERROR","sql":"DELETE FROM \"projects\" WHERE \"project_id\" = '15' AND \"owner_id\" = 23","table":"tasks","where":"SQL statement \"UPDATE ONLY \"public\".\"tasks\" SET \"project_id\" = NULL WHERE $1 OPERATOR(pg_catalog.=) \"project_id\"\""},"service":"project-management-service","sql":"DELETE FROM \"projects\" WHERE \"project_id\" = '15' AND \"owner_id\" = 23","stack":"Error\n    at Query.run (/Users/thomasdeane/Project/New_Start/Backend/node_modules/sequelize/lib/dialects/postgres/query.js:50:25)\n    at /Users/thomasdeane/Project/New_Start/Backend/node_modules/sequelize/lib/sequelize.js:315:28\n    at process.processTicksAndRejections (node:internal/process/task_queues:105:5)\n    at async PostgresQueryInterface.bulkDelete (/Users/thomasdeane/Project/New_Start/Backend/node_modules/sequelize/lib/dialects/abstract/query-interface.js:403:12)\n    at async Project.destroy (/Users/thomasdeane/Project/New_Start/Backend/node_modules/sequelize/lib/model.js:1838:16)\n    at async deleteProject (/Users/thomasdeane/Project/New_Start/Backend/controllers/projectController.js:620:25)","timestamp":"2024-12-09 20:54:27"}
{"level":"info","message":"Loaded Routes: {\"user\":\"/api/users\",\"project\":\"/api/projects\",\"task\":\"/api/tasks\",\"company\":\"/api/companies\"}","service":"project-management-service","timestamp":"2024-12-09 20:58:28"}
{"level":"info","message":"Server running on port 5001","service":"project-management-service","timestamp":"2024-12-09 20:58:28"}
{"level":"info","message":"Database synced successfully","service":"project-management-service","timestamp":"2024-12-09 20:58:28"}
{"level":"info","message":"Deleting project with ID: 15 by user ID: 23","service":"project-management-service","timestamp":"2024-12-09 20:58:36"}
{"level":"info","message":"Project deleted successfully: project_id=15","service":"project-management-service","timestamp":"2024-12-09 20:58:36"}
{"level":"info","message":"Fetching projects for user: 23","service":"project-management-service","timestamp":"2024-12-09 21:02:14"}
{"level":"info","message":"Owned projects retrieved: 2","service":"project-management-service","timestamp":"2024-12-09 21:02:14"}
{"level":"info","message":"Collaborator projects retrieved: 1","service":"project-management-service","timestamp":"2024-12-09 21:02:14"}
{"level":"info","message":"Unique projects retrieved: 2","service":"project-management-service","timestamp":"2024-12-09 21:02:14"}
{"level":"info","message":"Fetching user details for user ID: 23","service":"project-management-service","timestamp":"2024-12-09 21:02:19"}
{"level":"info","message":"User details retrieved successfully for user ID: 23","service":"project-management-service","timestamp":"2024-12-09 21:02:19"}
{"level":"info","message":"Fetching projects for user: 23","service":"project-management-service","timestamp":"2024-12-09 21:02:19"}
{"level":"info","message":"Owned projects retrieved: 2","service":"project-management-service","timestamp":"2024-12-09 21:02:19"}
{"level":"info","message":"Collaborator projects retrieved: 1","service":"project-management-service","timestamp":"2024-12-09 21:02:19"}
{"level":"info","message":"Unique projects retrieved: 2","service":"project-management-service","timestamp":"2024-12-09 21:02:19"}
{"level":"info","message":"Project created successfully: 16 by user_id: 23","service":"project-management-service","timestamp":"2024-12-09 21:02:29"}
{"level":"info","message":"Owner assigned as collaborator with role: 0","service":"project-management-service","timestamp":"2024-12-09 21:02:29"}
{"level":"info","message":"Default stages created for project_id: 16","service":"project-management-service","timestamp":"2024-12-09 21:02:29"}
{"level":"warn","message":"No tasks defined for stage: Key Exchange","service":"project-management-service","timestamp":"2024-12-09 21:02:29"}
{"level":"info","message":"Default tasks created for project_id: 16","service":"project-management-service","timestamp":"2024-12-09 21:02:29"}
{"level":"info","message":"Fetching projects for user: 23","service":"project-management-service","timestamp":"2024-12-09 21:02:29"}
{"level":"info","message":"Owned projects retrieved: 3","service":"project-management-service","timestamp":"2024-12-09 21:02:29"}
{"level":"info","message":"Collaborator projects retrieved: 2","service":"project-management-service","timestamp":"2024-12-09 21:02:29"}
{"level":"info","message":"Unique projects retrieved: 3","service":"project-management-service","timestamp":"2024-12-09 21:02:29"}
{"level":"info","message":"Fetching projects for user: 23","service":"project-management-service","timestamp":"2024-12-09 21:02:33"}
{"level":"info","message":"Owned projects retrieved: 3","service":"project-management-service","timestamp":"2024-12-09 21:02:33"}
{"level":"info","message":"Collaborator projects retrieved: 2","service":"project-management-service","timestamp":"2024-12-09 21:02:33"}
{"level":"info","message":"Unique projects retrieved: 3","service":"project-management-service","timestamp":"2024-12-09 21:02:33"}
{"level":"info","message":"Deleting project with ID: 16 by user ID: 23","service":"project-management-service","timestamp":"2024-12-09 21:02:37"}
{"level":"info","message":"Project deleted successfully: project_id=16","service":"project-management-service","timestamp":"2024-12-09 21:02:37"}
{"level":"info","message":"Fetching projects for user: 23","service":"project-management-service","timestamp":"2024-12-09 21:02:37"}
{"level":"info","message":"Owned projects retrieved: 2","service":"project-management-service","timestamp":"2024-12-09 21:02:37"}
{"level":"info","message":"Collaborator projects retrieved: 1","service":"project-management-service","timestamp":"2024-12-09 21:02:37"}
{"level":"info","message":"Unique projects retrieved: 2","service":"project-management-service","timestamp":"2024-12-09 21:02:37"}
{"level":"info","message":"Deleting project with ID: 14 by user ID: 23","service":"project-management-service","timestamp":"2024-12-09 21:02:43"}
{"level":"info","message":"Project deleted successfully: project_id=14","service":"project-management-service","timestamp":"2024-12-09 21:02:43"}
{"level":"info","message":"Fetching projects for user: 23","service":"project-management-service","timestamp":"2024-12-09 21:02:43"}
{"level":"info","message":"Owned projects retrieved: 1","service":"project-management-service","timestamp":"2024-12-09 21:02:43"}
{"level":"info","message":"Collaborator projects retrieved: 0","service":"project-management-service","timestamp":"2024-12-09 21:02:43"}
{"level":"info","message":"Unique projects retrieved: 1","service":"project-management-service","timestamp":"2024-12-09 21:02:43"}
{"level":"info","message":"Deleting project with ID: 11 by user ID: 23","service":"project-management-service","timestamp":"2024-12-09 21:02:48"}
{"level":"info","message":"Project deleted successfully: project_id=11","service":"project-management-service","timestamp":"2024-12-09 21:02:49"}
{"level":"info","message":"Fetching projects for user: 23","service":"project-management-service","timestamp":"2024-12-09 21:02:49"}
{"level":"info","message":"Owned projects retrieved: 0","service":"project-management-service","timestamp":"2024-12-09 21:02:49"}
{"level":"info","message":"Collaborator projects retrieved: 0","service":"project-management-service","timestamp":"2024-12-09 21:02:49"}
{"level":"info","message":"Unique projects retrieved: 0","service":"project-management-service","timestamp":"2024-12-09 21:02:49"}
{"level":"info","message":"Project created successfully: 17 by user_id: 23","service":"project-management-service","timestamp":"2024-12-09 21:02:57"}
{"level":"info","message":"Owner assigned as collaborator with role: 0","service":"project-management-service","timestamp":"2024-12-09 21:02:57"}
{"level":"info","message":"Default stages created for project_id: 17","service":"project-management-service","timestamp":"2024-12-09 21:02:57"}
{"level":"warn","message":"No tasks defined for stage: Key Exchange","service":"project-management-service","timestamp":"2024-12-09 21:02:57"}
{"level":"info","message":"Default tasks created for project_id: 17","service":"project-management-service","timestamp":"2024-12-09 21:02:57"}
{"level":"info","message":"Fetching projects for user: 23","service":"project-management-service","timestamp":"2024-12-09 21:02:57"}
{"level":"info","message":"Owned projects retrieved: 1","service":"project-management-service","timestamp":"2024-12-09 21:02:57"}
{"level":"info","message":"Collaborator projects retrieved: 1","service":"project-management-service","timestamp":"2024-12-09 21:02:57"}
{"level":"info","message":"Unique projects retrieved: 1","service":"project-management-service","timestamp":"2024-12-09 21:02:57"}
{"level":"info","message":"Project retrieved successfully: 17","service":"project-management-service","timestamp":"2024-12-09 21:02:59"}
{"level":"info","message":"Collaborators retrieved for project ID 17: 1","service":"project-management-service","timestamp":"2024-12-09 21:02:59"}
{"level":"info","message":"Request Params: {\"id\":\"17\"}","service":"project-management-service","timestamp":"2024-12-09 21:03:09"}
{"level":"info","message":"Request Body: {\"email\":\"test2@test.test\",\"role\":1}","service":"project-management-service","timestamp":"2024-12-09 21:03:09"}
{"level":"info","message":"Collaborator added successfully: {\"assigned_at\":\"2024-12-09T21:03:09.708Z\",\"collaborator_id\":11,\"project_id\":17,\"user_id\":24,\"role\":1,\"updated_at\":\"2024-12-09T21:03:09.709Z\",\"created_at\":\"2024-12-09T21:03:09.709Z\"}","service":"project-management-service","timestamp":"2024-12-09 21:03:09"}
{"level":"info","message":"Collaborators retrieved for project ID 17: 2","service":"project-management-service","timestamp":"2024-12-09 21:03:09"}
{"level":"info","message":"Request received to update user with ID: 23 and body: {\"username\":\"Tom TEST\",\"email\":\"test@test.test\",\"first_name\":\"Tom\",\"last_name\":\"Test\"}","service":"project-management-service","timestamp":"2024-12-09 21:04:28"}
{"level":"info","message":"User updated successfully: 23","service":"project-management-service","timestamp":"2024-12-09 21:04:28"}
{"level":"info","message":"Fetching projects for user: 23","service":"project-management-service","timestamp":"2024-12-09 21:04:39"}
{"level":"info","message":"Owned projects retrieved: 1","service":"project-management-service","timestamp":"2024-12-09 21:04:39"}
{"level":"info","message":"Collaborator projects retrieved: 1","service":"project-management-service","timestamp":"2024-12-09 21:04:39"}
{"level":"info","message":"Unique projects retrieved: 1","service":"project-management-service","timestamp":"2024-12-09 21:04:39"}
{"level":"info","message":"Project retrieved successfully: 17","service":"project-management-service","timestamp":"2024-12-09 21:04:42"}
{"level":"info","message":"Collaborators retrieved for project ID 17: 2","service":"project-management-service","timestamp":"2024-12-09 21:04:42"}
{"level":"info","message":"Request Params: {\"id\":\"17\"}","service":"project-management-service","timestamp":"2024-12-09 21:04:54"}
{"level":"info","message":"Request Body: {\"email\":\"Rach@hotmail.com\",\"role\":0}","service":"project-management-service","timestamp":"2024-12-09 21:04:54"}
{"level":"error","message":"Collaborator not found for email: Rach@hotmail.com","service":"project-management-service","timestamp":"2024-12-09 21:04:54"}
{"level":"info","message":"Request received at /create with body: {\"username\":\"Test\",\"email\":\"test3@test.test\",\"password\":\"test123\",\"first_name\":\"test\",\"last_name\":\"test\"}","service":"project-management-service","timestamp":"2024-12-09 21:07:08"}
{"level":"info","message":"User created successfully: 26 (test3@test.test)","service":"project-management-service","timestamp":"2024-12-09 21:07:08"}
{"level":"info","message":"JWT token generated for user: 26","service":"project-management-service","timestamp":"2024-12-09 21:07:08"}
{"level":"warn","message":"Login failed: Invalid password for email=test3@test.test","service":"project-management-service","timestamp":"2024-12-09 21:07:18"}
{"level":"warn","message":"Login failed: User not found with email=test3@test.com","service":"project-management-service","timestamp":"2024-12-09 21:07:25"}
{"level":"warn","message":"Login failed: Invalid password for email=test3@test.test","service":"project-management-service","timestamp":"2024-12-09 21:07:48"}
{"level":"info","message":"Request received at /create with body: {\"username\":\"test\",\"email\":\"test4@test.test\",\"password\":\"test123\",\"first_name\":\"test\",\"last_name\":\"test\"}","service":"project-management-service","timestamp":"2024-12-09 21:08:17"}
{"level":"info","message":"User created successfully: 27 (test4@test.test)","service":"project-management-service","timestamp":"2024-12-09 21:08:17"}
{"level":"info","message":"JWT token generated for user: 27","service":"project-management-service","timestamp":"2024-12-09 21:08:17"}
{"level":"warn","message":"Login failed: Invalid password for email=test4@test.test","service":"project-management-service","timestamp":"2024-12-09 21:08:24"}
{"level":"warn","message":"Login failed: Invalid password for email=test4@test.test","service":"project-management-service","timestamp":"2024-12-09 21:15:24"}
{"level":"info","message":"Loaded Routes: {\"user\":\"/api/users\",\"project\":\"/api/projects\",\"task\":\"/api/tasks\",\"company\":\"/api/companies\"}","service":"project-management-service","timestamp":"2024-12-09 21:18:04"}
{"level":"info","message":"Server running on port 5001","service":"project-management-service","timestamp":"2024-12-09 21:18:04"}
{"level":"info","message":"Database synced successfully","service":"project-management-service","timestamp":"2024-12-09 21:18:05"}
{"level":"info","message":"Request received at /create with body: {\"username\":\"test\",\"email\":\"test6@test.test\",\"password\":\"test123\",\"first_name\":\"test\",\"last_name\":\"test\"}","service":"project-management-service","timestamp":"2024-12-09 21:18:30"}
{"errors":[{"instance":{"company_id":null,"created_at":"2024-12-09T21:18:30.318Z","email":"test6@test.test","first_name":"test","is_active":true,"last_name":"test","password_hash":"$2b$10$wClWulgv4C3cJptdQscbZez228pQ2xcCAn9g0GQfIKGa7mnbY5WAu","updated_at":"2024-12-09T21:18:30.319Z","user_id":null,"username":"test"},"message":"username must be unique","origin":"DB","path":"username","type":"unique violation","validatorArgs":[],"validatorKey":"not_unique","validatorName":null,"value":"test"}],"fields":{"username":"test"},"level":"error","message":"Error creating user: Validation error Validation error","name":"SequelizeUniqueConstraintError","original":{"code":"23505","constraint":"users_username_key34","detail":"Key (username)=(test) already exists.","file":"nbtinsert.c","length":209,"line":"670","name":"error","parameters":[null,"test","test6@test.test","$2b$10$wClWulgv4C3cJptdQscbZez228pQ2xcCAn9g0GQfIKGa7mnbY5WAu","test","test",true,"2024-12-09 21:18:30.318 +00:00","2024-12-09 21:18:30.319 +00:00"],"routine":"_bt_check_unique","schema":"public","severity":"ERROR","sql":"INSERT INTO \"users\" (\"user_id\",\"company_id\",\"username\",\"email\",\"password_hash\",\"first_name\",\"last_name\",\"is_active\",\"created_at\",\"updated_at\") VALUES (DEFAULT,$1,$2,$3,$4,$5,$6,$7,$8,$9) RETURNING \"user_id\",\"company_id\",\"username\",\"email\",\"password_hash\",\"first_name\",\"last_name\",\"is_active\",\"created_at\",\"updated_at\";","table":"users"},"parent":{"code":"23505","constraint":"users_username_key34","detail":"Key (username)=(test) already exists.","file":"nbtinsert.c","length":209,"line":"670","name":"error","parameters":[null,"test","test6@test.test","$2b$10$wClWulgv4C3cJptdQscbZez228pQ2xcCAn9g0GQfIKGa7mnbY5WAu","test","test",true,"2024-12-09 21:18:30.318 +00:00","2024-12-09 21:18:30.319 +00:00"],"routine":"_bt_check_unique","schema":"public","severity":"ERROR","sql":"INSERT INTO \"users\" (\"user_id\",\"company_id\",\"username\",\"email\",\"password_hash\",\"first_name\",\"last_name\",\"is_active\",\"created_at\",\"updated_at\") VALUES (DEFAULT,$1,$2,$3,$4,$5,$6,$7,$8,$9) RETURNING \"user_id\",\"company_id\",\"username\",\"email\",\"password_hash\",\"first_name\",\"last_name\",\"is_active\",\"created_at\",\"updated_at\";","table":"users"},"service":"project-management-service","sql":"INSERT INTO \"users\" (\"user_id\",\"company_id\",\"username\",\"email\",\"password_hash\",\"first_name\",\"last_name\",\"is_active\",\"created_at\",\"updated_at\") VALUES (DEFAULT,$1,$2,$3,$4,$5,$6,$7,$8,$9) RETURNING \"user_id\",\"company_id\",\"username\",\"email\",\"password_hash\",\"first_name\",\"last_name\",\"is_active\",\"created_at\",\"updated_at\";","stack":"Error\n    at Query.run (/Users/thomasdeane/Project/New_Start/Backend/node_modules/sequelize/lib/dialects/postgres/query.js:50:25)\n    at /Users/thomasdeane/Project/New_Start/Backend/node_modules/sequelize/lib/sequelize.js:315:28\n    at process.processTicksAndRejections (node:internal/process/task_queues:105:5)\n    at async PostgresQueryInterface.insert (/Users/thomasdeane/Project/New_Start/Backend/node_modules/sequelize/lib/dialects/abstract/query-interface.js:308:21)\n    at async User.save (/Users/thomasdeane/Project/New_Start/Backend/node_modules/sequelize/lib/model.js:2490:35)\n    at async User.create (/Users/thomasdeane/Project/New_Start/Backend/node_modules/sequelize/lib/model.js:1362:12)\n    at async createUser (/Users/thomasdeane/Project/New_Start/Backend/controllers/userController.js:47:25)","timestamp":"2024-12-09 21:18:30"}
{"level":"info","message":"Request received at /create with body: {\"username\":\"test6\",\"email\":\"test6@test.test\",\"password\":\"test123\",\"first_name\":\"test\",\"last_name\":\"test\"}","service":"project-management-service","timestamp":"2024-12-09 21:19:16"}
{"level":"info","message":"User created successfully: 29 (test6@test.test)","service":"project-management-service","timestamp":"2024-12-09 21:19:16"}
{"level":"info","message":"JWT token generated for user: 29","service":"project-management-service","timestamp":"2024-12-09 21:19:16"}
{"level":"warn","message":"Login failed: Invalid password for email=test6@test.test","service":"project-management-service","timestamp":"2024-12-09 21:19:29"}
{"level":"info","message":"Loaded Routes: {\"user\":\"/api/users\",\"project\":\"/api/projects\",\"task\":\"/api/tasks\",\"company\":\"/api/companies\"}","service":"project-management-service","timestamp":"2024-12-09 21:23:50"}
{"level":"info","message":"Server running on port 5001","service":"project-management-service","timestamp":"2024-12-09 21:23:50"}
{"level":"info","message":"Database synced successfully","service":"project-management-service","timestamp":"2024-12-09 21:23:51"}
{"level":"info","message":"Request received at /create with body: {\"username\":\"test7\",\"email\":\"test7@test.test\",\"password\":\"test123\",\"first_name\":\"test\",\"last_name\":\"test\"}","service":"project-management-service","timestamp":"2024-12-09 21:24:30"}
{"level":"info","message":"User created successfully: 30 (test7@test.test)","service":"project-management-service","timestamp":"2024-12-09 21:24:31"}
{"level":"info","message":"JWT token generated for user: 30","service":"project-management-service","timestamp":"2024-12-09 21:24:31"}
{"level":"warn","message":"Login failed: Invalid password for email=test7@test.test","service":"project-management-service","timestamp":"2024-12-09 21:24:36"}
{"level":"warn","message":"Login failed: Invalid password for email=test7@test.test","service":"project-management-service","timestamp":"2024-12-09 21:26:00"}
{"level":"info","message":"Fetching user details for user ID: 30","service":"project-management-service","timestamp":"2024-12-09 21:26:10"}
{"level":"info","message":"User details retrieved successfully for user ID: 30","service":"project-management-service","timestamp":"2024-12-09 21:26:10"}
{"level":"info","message":"Fetching projects for user: 30","service":"project-management-service","timestamp":"2024-12-09 21:26:10"}
{"level":"info","message":"Owned projects retrieved: 0","service":"project-management-service","timestamp":"2024-12-09 21:26:10"}
{"level":"info","message":"Collaborator projects retrieved: 0","service":"project-management-service","timestamp":"2024-12-09 21:26:10"}
{"level":"info","message":"Unique projects retrieved: 0","service":"project-management-service","timestamp":"2024-12-09 21:26:10"}
{"level":"warn","message":"Login failed: Invalid password for email=test7@test.test","service":"project-management-service","timestamp":"2024-12-09 21:29:13"}
