{"level":"info","message":"Loaded Routes: {\"user\":\"/api/users\",\"project\":\"/api/projects\",\"task\":\"/api/tasks\",\"company\":\"/api/companies\"}","service":"project-management-service","timestamp":"2024-12-11 14:19:43"}
{"level":"info","message":"Server running on port 5001","service":"project-management-service","timestamp":"2024-12-11 14:19:43"}
{"level":"info","message":"Database synced successfully","service":"project-management-service","timestamp":"2024-12-11 14:19:44"}
{"level":"info","message":"Request received at /create with body: {\"username\":\"testy\",\"email\":\"test8@test\",\"password\":\"test123\",\"first_name\":\"tom\",\"last_name\":\"test\"}","service":"project-management-service","timestamp":"2024-12-11 14:20:23"}
{"errors":[{"instance":{"company_id":null,"created_at":"2024-12-11T13:20:23.767Z","email":"test8@test","first_name":"tom","is_active":true,"last_name":"test","password_hash":"$2b$10$WcOtc5vncjyOgLU1u2G.quUCo39roaOtPzDOPLBS9JBXYEhh1wHKm","updated_at":"2024-12-11T13:20:23.769Z","user_id":null,"username":"testy"},"message":"Validation isEmail on email failed","origin":"FUNCTION","original":{"validatorArgs":[{"allow_display_name":false,"allow_underscores":false,"allow_utf8_local_part":true,"blacklisted_chars":"","host_blacklist":[],"host_whitelist":[],"ignore_max_length":false,"require_display_name":false,"require_tld":true}],"validatorName":"isEmail"},"path":"email","type":"Validation error","validatorArgs":[{"allow_display_name":false,"allow_underscores":false,"allow_utf8_local_part":true,"blacklisted_chars":"","host_blacklist":[],"host_whitelist":[],"ignore_max_length":false,"require_display_name":false,"require_tld":true}],"validatorKey":"isEmail","validatorName":"isEmail","value":"test8@test"}],"level":"error","message":"Error creating user: Validation error: Validation isEmail on email failed Validation error: Validation isEmail on email failed","name":"SequelizeValidationError","service":"project-management-service","stack":"SequelizeValidationError: Validation error: Validation isEmail on email failed\n    at InstanceValidator._validate (/Users/thomasdeane/Project/New_Start/Backend/node_modules/sequelize/lib/instance-validator.js:50:13)\n    at async InstanceValidator._validateAndRunHooks (/Users/thomasdeane/Project/New_Start/Backend/node_modules/sequelize/lib/instance-validator.js:60:7)\n    at async InstanceValidator.validate (/Users/thomasdeane/Project/New_Start/Backend/node_modules/sequelize/lib/instance-validator.js:54:12)\n    at async User.save (/Users/thomasdeane/Project/New_Start/Backend/node_modules/sequelize/lib/model.js:2426:7)\n    at async User.create (/Users/thomasdeane/Project/New_Start/Backend/node_modules/sequelize/lib/model.js:1362:12)\n    at async createUser (/Users/thomasdeane/Project/New_Start/Backend/controllers/userController.js:47:25)","timestamp":"2024-12-11 14:20:23"}
{"level":"info","message":"Request received at /create with body: {\"username\":\"testy\",\"email\":\"test8@test.com\",\"password\":\"test123\",\"first_name\":\"tom\",\"last_name\":\"test\"}","service":"project-management-service","timestamp":"2024-12-11 14:20:44"}
{"level":"info","message":"User created successfully: 31 (test8@test.com)","service":"project-management-service","timestamp":"2024-12-11 14:20:44"}
{"level":"info","message":"JWT token generated for user: 31","service":"project-management-service","timestamp":"2024-12-11 14:20:44"}
{"level":"warn","message":"Login failed: Invalid password for email=test8@test.com","service":"project-management-service","timestamp":"2024-12-11 14:20:57"}
{"level":"info","message":"Loaded Routes: {\"user\":\"/api/users\",\"project\":\"/api/projects\",\"task\":\"/api/tasks\",\"company\":\"/api/companies\"}","service":"project-management-service","timestamp":"2024-12-11 14:40:55"}
{"level":"info","message":"Server running on port 5001","service":"project-management-service","timestamp":"2024-12-11 14:40:55"}
{"level":"info","message":"Database synced successfully","service":"project-management-service","timestamp":"2024-12-11 14:40:55"}
{"level":"info","message":"Request received at /create with body: {\"username\":\"tester\",\"email\":\"test9@test.test\",\"password\":\"test123\",\"first_name\":\"test\",\"last_name\":\"wtst\"}","service":"project-management-service","timestamp":"2024-12-11 14:41:23"}
{"level":"info","message":"User created successfully: 32 (test9@test.test)","service":"project-management-service","timestamp":"2024-12-11 14:41:23"}
{"level":"info","message":"JWT token generated for user: 32","service":"project-management-service","timestamp":"2024-12-11 14:41:23"}
{"level":"warn","message":"Login failed: Invalid password for email=test9@test.test","service":"project-management-service","timestamp":"2024-12-11 14:41:28"}
{"level":"info","message":"Request received at /create with body: {\"username\":\"test10\",\"email\":\"test10@test.test\",\"password\":\"password123\",\"first_name\":\"buyer\",\"last_name\":\"solicitor\"}","service":"project-management-service","timestamp":"2024-12-11 14:42:18"}
{"level":"info","message":"User created successfully: 33 (test10@test.test)","service":"project-management-service","timestamp":"2024-12-11 14:42:18"}
{"level":"info","message":"JWT token generated for user: 33","service":"project-management-service","timestamp":"2024-12-11 14:42:18"}
{"level":"warn","message":"Login failed: Invalid password for email=test10@test.test","service":"project-management-service","timestamp":"2024-12-11 14:42:33"}
{"level":"info","message":"User logged in: user_id=23","service":"project-management-service","timestamp":"2024-12-11 14:43:24"}
{"level":"info","message":"Loaded Routes: {\"user\":\"/api/users\",\"project\":\"/api/projects\",\"task\":\"/api/tasks\",\"company\":\"/api/companies\"}","service":"project-management-service","timestamp":"2024-12-11 14:47:11"}
{"level":"info","message":"Server running on port 5001","service":"project-management-service","timestamp":"2024-12-11 14:47:11"}
{"level":"info","message":"Database synced successfully","service":"project-management-service","timestamp":"2024-12-11 14:47:12"}
{"level":"info","message":"Request received at /create with body: {\"username\":\"test\",\"email\":\"test11@test.test\",\"password\":\"password123\",\"first_name\":\"buyer\",\"last_name\":\"solicitor\"}","service":"project-management-service","timestamp":"2024-12-11 14:47:23"}
{"errors":[{"instance":{"company_id":null,"created_at":"2024-12-11T13:47:23.885Z","email":"test11@test.test","first_name":"buyer","is_active":true,"last_name":"solicitor","password_hash":"$2b$10$F4x7HaRxl86URHFgSr88BeRMv4Dduh9JSVo58ONo9xc.HQMtu2q.y","updated_at":"2024-12-11T13:47:23.886Z","user_id":null,"username":"test"},"message":"username must be unique","origin":"DB","path":"username","type":"unique violation","validatorArgs":[],"validatorKey":"not_unique","validatorName":null,"value":"test"}],"fields":{"username":"test"},"level":"error","message":"Error creating user: Validation error Validation error","name":"SequelizeUniqueConstraintError","original":{"code":"23505","constraint":"users_username_key41","detail":"Key (username)=(test) already exists.","file":"nbtinsert.c","length":209,"line":"670","name":"error","parameters":[null,"test","test11@test.test","$2b$10$F4x7HaRxl86URHFgSr88BeRMv4Dduh9JSVo58ONo9xc.HQMtu2q.y","buyer","solicitor",true,"2024-12-11 13:47:23.885 +00:00","2024-12-11 13:47:23.886 +00:00"],"routine":"_bt_check_unique","schema":"public","severity":"ERROR","sql":"INSERT INTO \"users\" (\"user_id\",\"company_id\",\"username\",\"email\",\"password_hash\",\"first_name\",\"last_name\",\"is_active\",\"created_at\",\"updated_at\") VALUES (DEFAULT,$1,$2,$3,$4,$5,$6,$7,$8,$9) RETURNING \"user_id\",\"company_id\",\"username\",\"email\",\"password_hash\",\"first_name\",\"last_name\",\"is_active\",\"created_at\",\"updated_at\";","table":"users"},"parent":{"code":"23505","constraint":"users_username_key41","detail":"Key (username)=(test) already exists.","file":"nbtinsert.c","length":209,"line":"670","name":"error","parameters":[null,"test","test11@test.test","$2b$10$F4x7HaRxl86URHFgSr88BeRMv4Dduh9JSVo58ONo9xc.HQMtu2q.y","buyer","solicitor",true,"2024-12-11 13:47:23.885 +00:00","2024-12-11 13:47:23.886 +00:00"],"routine":"_bt_check_unique","schema":"public","severity":"ERROR","sql":"INSERT INTO \"users\" (\"user_id\",\"company_id\",\"username\",\"email\",\"password_hash\",\"first_name\",\"last_name\",\"is_active\",\"created_at\",\"updated_at\") VALUES (DEFAULT,$1,$2,$3,$4,$5,$6,$7,$8,$9) RETURNING \"user_id\",\"company_id\",\"username\",\"email\",\"password_hash\",\"first_name\",\"last_name\",\"is_active\",\"created_at\",\"updated_at\";","table":"users"},"service":"project-management-service","sql":"INSERT INTO \"users\" (\"user_id\",\"company_id\",\"username\",\"email\",\"password_hash\",\"first_name\",\"last_name\",\"is_active\",\"created_at\",\"updated_at\") VALUES (DEFAULT,$1,$2,$3,$4,$5,$6,$7,$8,$9) RETURNING \"user_id\",\"company_id\",\"username\",\"email\",\"password_hash\",\"first_name\",\"last_name\",\"is_active\",\"created_at\",\"updated_at\";","stack":"Error\n    at Query.run (/Users/thomasdeane/Project/New_Start/Backend/node_modules/sequelize/lib/dialects/postgres/query.js:50:25)\n    at /Users/thomasdeane/Project/New_Start/Backend/node_modules/sequelize/lib/sequelize.js:315:28\n    at process.processTicksAndRejections (node:internal/process/task_queues:105:5)\n    at async PostgresQueryInterface.insert (/Users/thomasdeane/Project/New_Start/Backend/node_modules/sequelize/lib/dialects/abstract/query-interface.js:308:21)\n    at async User.save (/Users/thomasdeane/Project/New_Start/Backend/node_modules/sequelize/lib/model.js:2490:35)\n    at async User.create (/Users/thomasdeane/Project/New_Start/Backend/node_modules/sequelize/lib/model.js:1362:12)\n    at async createUser (/Users/thomasdeane/Project/New_Start/Backend/controllers/userController.js:43:25)","timestamp":"2024-12-11 14:47:24"}
{"level":"info","message":"Request received at /create with body: {\"username\":\"test11\",\"email\":\"test11@test.test\",\"password\":\"password123\",\"first_name\":\"buyer\",\"last_name\":\"solicitor\"}","service":"project-management-service","timestamp":"2024-12-11 14:47:30"}
{"level":"info","message":"User created successfully: 35 (test11@test.test)","service":"project-management-service","timestamp":"2024-12-11 14:47:30"}
{"level":"info","message":"JWT token generated for user: 35","service":"project-management-service","timestamp":"2024-12-11 14:47:30"}
{"level":"warn","message":"Login failed: Invalid password for email=test11@test.test","service":"project-management-service","timestamp":"2024-12-11 14:47:37"}
{"level":"info","message":"Loaded Routes: {\"user\":\"/api/users\",\"project\":\"/api/projects\",\"task\":\"/api/tasks\",\"company\":\"/api/companies\"}","service":"project-management-service","timestamp":"2024-12-11 14:58:48"}
{"level":"info","message":"Server running on port 5001","service":"project-management-service","timestamp":"2024-12-11 14:58:48"}
{"level":"info","message":"Database synced successfully","service":"project-management-service","timestamp":"2024-12-11 14:58:48"}
{"level":"info","message":"Request received at /create with body: {\"username\":\"test12\",\"email\":\"test12@test.test\",\"password\":\"password123\",\"first_name\":\"buyer\",\"last_name\":\"solicitor\"}","service":"project-management-service","timestamp":"2024-12-11 14:59:01"}
{"level":"info","message":"User created successfully: 36 (test12@test.test)","service":"project-management-service","timestamp":"2024-12-11 14:59:01"}
{"level":"info","message":"JWT token generated for user: 36","service":"project-management-service","timestamp":"2024-12-11 14:59:01"}
{"level":"warn","message":"Login failed: Invalid password for email=test12@test.test","service":"project-management-service","timestamp":"2024-12-11 14:59:15"}
{"level":"info","message":"Loaded Routes: {\"user\":\"/api/users\",\"project\":\"/api/projects\",\"task\":\"/api/tasks\",\"company\":\"/api/companies\"}","service":"project-management-service","timestamp":"2024-12-11 15:01:17"}
{"level":"info","message":"Server running on port 5001","service":"project-management-service","timestamp":"2024-12-11 15:01:17"}
{"level":"info","message":"Database synced successfully","service":"project-management-service","timestamp":"2024-12-11 15:01:18"}
{"level":"warn","message":"Login failed: User not found with email=test13@test.test","service":"project-management-service","timestamp":"2024-12-11 15:01:24"}
{"level":"info","message":"Creating user: test13@test.test","service":"project-management-service","timestamp":"2024-12-11 15:01:37"}
{"level":"info","message":"Plaintext password: password123","service":"project-management-service","timestamp":"2024-12-11 15:01:37"}
{"level":"info","message":"Generated password hash for test13@test.test: $2b$10$yIUCtJ5SgZie0UnjSsBZBu1Hzi716sgUmehLZM2kUSFA4DfFJ3QxG","service":"project-management-service","timestamp":"2024-12-11 15:01:38"}
{"level":"info","message":"User created successfully: user_id=37","service":"project-management-service","timestamp":"2024-12-11 15:01:38"}
{"level":"info","message":"Stored password hash for user test13@test.test: $2b$10$yIUCtJ5SgZie0UnjSsBZBu1Hzi716sgUmehLZM2kUSFA4DfFJ3QxG","service":"project-management-service","timestamp":"2024-12-11 15:01:42"}
{"level":"info","message":"Password comparison result for user test13@test.test: false","service":"project-management-service","timestamp":"2024-12-11 15:01:42"}
{"level":"warn","message":"Login failed: Invalid password for email=test13@test.test","service":"project-management-service","timestamp":"2024-12-11 15:01:42"}
{"level":"info","message":"Loaded Routes: {\"user\":\"/api/users\",\"project\":\"/api/projects\",\"task\":\"/api/tasks\",\"company\":\"/api/companies\"}","service":"project-management-service","timestamp":"2024-12-11 15:07:53"}
{"level":"info","message":"Server running on port 5001","service":"project-management-service","timestamp":"2024-12-11 15:07:53"}
{"level":"info","message":"Database synced successfully","service":"project-management-service","timestamp":"2024-12-11 15:07:53"}
{"level":"info","message":"Creating user: test14@test.test","service":"project-management-service","timestamp":"2024-12-11 15:08:18"}
{"level":"info","message":"Plaintext password: password123","service":"project-management-service","timestamp":"2024-12-11 15:08:18"}
{"level":"info","message":"Generated password hash for test14@test.test: $2b$10$RIRIQcxwnCfXhYVzP3tSGeftquKIe5gIIR2Kk9y3H1uODFBUWW4ta","service":"project-management-service","timestamp":"2024-12-11 15:08:18"}
{"level":"info","message":"User created successfully: user_id=38","service":"project-management-service","timestamp":"2024-12-11 15:08:18"}
{"level":"info","message":"Stored password hash for user test14@test.test: $2b$10$RIRIQcxwnCfXhYVzP3tSGeftquKIe5gIIR2Kk9y3H1uODFBUWW4ta","service":"project-management-service","timestamp":"2024-12-11 15:08:25"}
{"level":"info","message":"Password comparison result for user test14@test.test: false","service":"project-management-service","timestamp":"2024-12-11 15:08:25"}
{"level":"warn","message":"Login failed: Invalid password for email=test14@test.test","service":"project-management-service","timestamp":"2024-12-11 15:08:25"}
{"level":"info","message":"Stored password hash for user test@test.test: $2b$10$zYQiD.3GQHg..ldRuYa0JOpn7uL03bl6T/.WUxbtn/IDmEKBFRt/e","service":"project-management-service","timestamp":"2024-12-11 15:09:26"}
{"level":"info","message":"Password comparison result for user test@test.test: false","service":"project-management-service","timestamp":"2024-12-11 15:09:27"}
{"level":"warn","message":"Login failed: Invalid password for email=test@test.test","service":"project-management-service","timestamp":"2024-12-11 15:09:27"}
{"level":"info","message":"Stored password hash for user test@test.test: $2b$10$zYQiD.3GQHg..ldRuYa0JOpn7uL03bl6T/.WUxbtn/IDmEKBFRt/e","service":"project-management-service","timestamp":"2024-12-11 15:09:35"}
{"level":"info","message":"Password comparison result for user test@test.test: true","service":"project-management-service","timestamp":"2024-12-11 15:09:35"}
{"level":"info","message":"User logged in successfully: user_id=23","service":"project-management-service","timestamp":"2024-12-11 15:09:35"}
{"level":"info","message":"Loaded Routes: {\"user\":\"/api/users\",\"project\":\"/api/projects\",\"task\":\"/api/tasks\",\"company\":\"/api/companies\"}","service":"project-management-service","timestamp":"2024-12-11 15:13:18"}
{"level":"info","message":"Server running on port 5001","service":"project-management-service","timestamp":"2024-12-11 15:13:18"}
{"level":"info","message":"Database synced successfully","service":"project-management-service","timestamp":"2024-12-11 15:13:19"}
{"level":"info","message":"Creating user: test15@test.test","service":"project-management-service","timestamp":"2024-12-11 15:15:16"}
{"level":"info","message":"Plaintext password: password123","service":"project-management-service","timestamp":"2024-12-11 15:15:16"}
{"level":"info","message":"Generated password hash for test15@test.test: $2b$10$wTCpPJ3jUf.h5u0ff0cBxeNOuisXnz49X01MANJiMJKeSj4RNTftG","service":"project-management-service","timestamp":"2024-12-11 15:15:16"}
{"level":"info","message":"User created successfully: user_id=42","service":"project-management-service","timestamp":"2024-12-11 15:15:16"}
{"level":"info","message":"Stored password hash for user test15@test.test: $2b$10$wTCpPJ3jUf.h5u0ff0cBxeNOuisXnz49X01MANJiMJKeSj4RNTftG","service":"project-management-service","timestamp":"2024-12-11 15:15:23"}
{"level":"info","message":"Password comparison result for user test15@test.test: false","service":"project-management-service","timestamp":"2024-12-11 15:15:23"}
{"level":"warn","message":"Login failed: Invalid password for email=test15@test.test","service":"project-management-service","timestamp":"2024-12-11 15:15:23"}
{"level":"info","message":"Loaded Routes: {\"user\":\"/api/users\",\"project\":\"/api/projects\",\"task\":\"/api/tasks\",\"company\":\"/api/companies\"}","service":"project-management-service","timestamp":"2024-12-11 15:16:28"}
{"level":"info","message":"Server running on port 5001","service":"project-management-service","timestamp":"2024-12-11 15:16:28"}
{"level":"info","message":"Database synced successfully","service":"project-management-service","timestamp":"2024-12-11 15:16:29"}
{"level":"info","message":"Creating user: test16@test.test","service":"project-management-service","timestamp":"2024-12-11 15:16:44"}
{"level":"info","message":"Plaintext password: password123","service":"project-management-service","timestamp":"2024-12-11 15:16:44"}
{"level":"info","message":"Generated password hash for test16@test.test: $2b$10$u8WWZ5Yxh946GfJziAHIleTF/0pwjJtuZ5y1wlSQz88Nw08Vka3Va","service":"project-management-service","timestamp":"2024-12-11 15:16:44"}
{"level":"info","message":"User created successfully: user_id=43","service":"project-management-service","timestamp":"2024-12-11 15:16:44"}
{"level":"info","message":"Stored password hash for user test16@test.test: $2b$10$u8WWZ5Yxh946GfJziAHIleTF/0pwjJtuZ5y1wlSQz88Nw08Vka3Va","service":"project-management-service","timestamp":"2024-12-11 15:16:47"}
{"level":"info","message":"Password comparison result for user test16@test.test: false","service":"project-management-service","timestamp":"2024-12-11 15:16:47"}
{"level":"warn","message":"Login failed: Invalid password for email=test16@test.test","service":"project-management-service","timestamp":"2024-12-11 15:16:47"}
{"level":"info","message":"Stored password hash for user test@test.test: $2b$10$zYQiD.3GQHg..ldRuYa0JOpn7uL03bl6T/.WUxbtn/IDmEKBFRt/e","service":"project-management-service","timestamp":"2024-12-11 15:22:22"}
{"level":"info","message":"Password comparison result for user test@test.test: true","service":"project-management-service","timestamp":"2024-12-11 15:22:22"}
{"level":"info","message":"User logged in successfully: user_id=23","service":"project-management-service","timestamp":"2024-12-11 15:22:22"}
{"level":"info","message":"Loaded Routes: {\"user\":\"/api/users\",\"project\":\"/api/projects\",\"task\":\"/api/tasks\",\"company\":\"/api/companies\"}","service":"project-management-service","timestamp":"2024-12-11 15:22:58"}
{"level":"info","message":"Server running on port 5001","service":"project-management-service","timestamp":"2024-12-11 15:22:58"}
{"level":"info","message":"Database synced successfully","service":"project-management-service","timestamp":"2024-12-11 15:22:58"}
{"level":"info","message":"Loaded Routes: {\"user\":\"/api/users\",\"project\":\"/api/projects\",\"task\":\"/api/tasks\",\"company\":\"/api/companies\"}","service":"project-management-service","timestamp":"2024-12-11 15:23:51"}
{"level":"info","message":"Server running on port 5001","service":"project-management-service","timestamp":"2024-12-11 15:23:51"}
{"level":"info","message":"Database synced successfully","service":"project-management-service","timestamp":"2024-12-11 15:23:52"}
{"level":"warn","message":"Login failed: User not found with email=test17@test.test","service":"project-management-service","timestamp":"2024-12-11 15:24:03"}
{"level":"info","message":"Loaded Routes: {\"user\":\"/api/users\",\"project\":\"/api/projects\",\"task\":\"/api/tasks\",\"company\":\"/api/companies\"}","service":"project-management-service","timestamp":"2024-12-11 15:31:31"}
{"level":"info","message":"Server running on port 5001","service":"project-management-service","timestamp":"2024-12-11 15:31:31"}
{"level":"info","message":"Database synced successfully","service":"project-management-service","timestamp":"2024-12-11 15:31:31"}
{"level":"info","message":"Creating user: test18@test.test","service":"project-management-service","timestamp":"2024-12-11 15:31:43"}
{"level":"info","message":"User created successfully: user_id=44","service":"project-management-service","timestamp":"2024-12-11 15:31:43"}
{"level":"info","message":"Stored password hash for user test18@test.test: $2b$10$JVPl0O2rTRCSRgJZnE8DHeOIIdZQwZ.LOX8asXlB9fg3AA7bqxvu.","service":"project-management-service","timestamp":"2024-12-11 15:31:49"}
{"level":"info","message":"Password comparison result for user test18@test.test: false","service":"project-management-service","timestamp":"2024-12-11 15:31:49"}
{"level":"warn","message":"Login failed: Invalid password for email=test18@test.test","service":"project-management-service","timestamp":"2024-12-11 15:31:49"}
{"level":"info","message":"Loaded Routes: {\"user\":\"/api/users\",\"project\":\"/api/projects\",\"task\":\"/api/tasks\",\"company\":\"/api/companies\"}","service":"project-management-service","timestamp":"2024-12-11 15:32:49"}
{"level":"info","message":"Server running on port 5001","service":"project-management-service","timestamp":"2024-12-11 15:32:49"}
{"level":"info","message":"Database synced successfully","service":"project-management-service","timestamp":"2024-12-11 15:32:49"}
{"level":"info","message":"Creating user: test19@test.test","service":"project-management-service","timestamp":"2024-12-11 15:33:02"}
{"level":"info","message":"User created successfully: user_id=45","service":"project-management-service","timestamp":"2024-12-11 15:33:03"}
{"level":"info","message":"Loaded Routes: {\"user\":\"/api/users\",\"project\":\"/api/projects\",\"task\":\"/api/tasks\",\"company\":\"/api/companies\"}","service":"project-management-service","timestamp":"2024-12-11 15:36:00"}
{"level":"info","message":"Server running on port 5001","service":"project-management-service","timestamp":"2024-12-11 15:36:00"}
{"level":"info","message":"Database synced successfully","service":"project-management-service","timestamp":"2024-12-11 15:36:00"}
{"level":"info","message":"Stored password hash for user test19@test.test: $2b$10$byPmErd7/ce0L.RkxvKINul2eqQ8ve7utxDNQCqKhek1oLJ.PAogu","service":"project-management-service","timestamp":"2024-12-11 15:36:05"}
{"level":"info","message":"Password comparison result for user test19@test.test: false","service":"project-management-service","timestamp":"2024-12-11 15:36:05"}
{"level":"warn","message":"Login failed: Invalid password for email=test19@test.test","service":"project-management-service","timestamp":"2024-12-11 15:36:05"}
{"level":"info","message":"Creating user: test20@test.test","service":"project-management-service","timestamp":"2024-12-11 15:38:22"}
{"level":"info","message":"User created successfully: user_id=46","service":"project-management-service","timestamp":"2024-12-11 15:38:22"}
{"level":"info","message":"Stored password hash for user test20@test.test: $2b$10$CWIVg21UAZjC.MpSj1CATupJe44bgquVJs7n18pyrrMtXImzUj7fS","service":"project-management-service","timestamp":"2024-12-11 15:38:30"}
{"level":"info","message":"Password comparison result for user test20@test.test: false","service":"project-management-service","timestamp":"2024-12-11 15:38:30"}
{"level":"warn","message":"Login failed: Invalid password for email=test20@test.test","service":"project-management-service","timestamp":"2024-12-11 15:38:30"}
{"level":"info","message":"Loaded Routes: {\"user\":\"/api/users\",\"project\":\"/api/projects\",\"task\":\"/api/tasks\",\"company\":\"/api/companies\"}","service":"project-management-service","timestamp":"2024-12-11 15:57:44"}
{"level":"info","message":"Server running on port 5001","service":"project-management-service","timestamp":"2024-12-11 15:57:44"}
{"level":"info","message":"Database synced successfully","service":"project-management-service","timestamp":"2024-12-11 15:57:45"}
{"level":"info","message":"User logged in successfully: user_id=46","service":"project-management-service","timestamp":"2024-12-11 15:57:49"}
{"level":"warn","message":"Login failed: Invalid password for email=test20@test.test","service":"project-management-service","timestamp":"2024-12-11 16:56:09"}
{"level":"warn","message":"Login failed: Invalid password for email=test20@test.test","service":"project-management-service","timestamp":"2024-12-11 16:56:17"}
{"level":"info","message":"User logged in successfully: user_id=46","service":"project-management-service","timestamp":"2024-12-11 16:56:21"}
{"level":"info","message":"Fetching projects for user: 46","service":"project-management-service","timestamp":"2024-12-11 16:56:21"}
{"level":"info","message":"Owned projects retrieved: 0","service":"project-management-service","timestamp":"2024-12-11 16:56:21"}
{"level":"info","message":"Collaborator projects retrieved: 0","service":"project-management-service","timestamp":"2024-12-11 16:56:21"}
{"level":"info","message":"Unique projects retrieved: 0","service":"project-management-service","timestamp":"2024-12-11 16:56:21"}
{"level":"info","message":"Creating user: test21@test.test","service":"project-management-service","timestamp":"2024-12-11 16:56:49"}
{"level":"info","message":"User created successfully: user_id=47","service":"project-management-service","timestamp":"2024-12-11 16:56:49"}
{"level":"info","message":"User logged in successfully: user_id=47","service":"project-management-service","timestamp":"2024-12-11 16:56:55"}
{"level":"info","message":"Fetching projects for user: 47","service":"project-management-service","timestamp":"2024-12-11 16:56:55"}
{"level":"info","message":"Owned projects retrieved: 0","service":"project-management-service","timestamp":"2024-12-11 16:56:55"}
{"level":"info","message":"Collaborator projects retrieved: 0","service":"project-management-service","timestamp":"2024-12-11 16:56:55"}
{"level":"info","message":"Unique projects retrieved: 0","service":"project-management-service","timestamp":"2024-12-11 16:56:55"}
{"level":"info","message":"Project created successfully: 18 by user_id: 47","service":"project-management-service","timestamp":"2024-12-11 16:57:19"}
{"level":"info","message":"Owner assigned as collaborator with role: 0","service":"project-management-service","timestamp":"2024-12-11 16:57:19"}
{"level":"info","message":"Default stages created for project_id: 18","service":"project-management-service","timestamp":"2024-12-11 16:57:19"}
{"level":"warn","message":"No tasks defined for stage: Key Exchange","service":"project-management-service","timestamp":"2024-12-11 16:57:19"}
{"level":"info","message":"Default tasks created for project_id: 18","service":"project-management-service","timestamp":"2024-12-11 16:57:19"}
{"level":"info","message":"Fetching projects for user: 47","service":"project-management-service","timestamp":"2024-12-11 16:57:19"}
{"level":"info","message":"Owned projects retrieved: 1","service":"project-management-service","timestamp":"2024-12-11 16:57:19"}
{"level":"info","message":"Collaborator projects retrieved: 1","service":"project-management-service","timestamp":"2024-12-11 16:57:19"}
{"level":"info","message":"Unique projects retrieved: 1","service":"project-management-service","timestamp":"2024-12-11 16:57:19"}
{"level":"info","message":"Fetching projects for user: 47","service":"project-management-service","timestamp":"2024-12-11 16:57:23"}
{"level":"info","message":"Owned projects retrieved: 1","service":"project-management-service","timestamp":"2024-12-11 16:57:23"}
{"level":"info","message":"Collaborator projects retrieved: 1","service":"project-management-service","timestamp":"2024-12-11 16:57:23"}
{"level":"info","message":"Unique projects retrieved: 1","service":"project-management-service","timestamp":"2024-12-11 16:57:23"}
{"level":"info","message":"Collaborators retrieved for project ID 18: 1","service":"project-management-service","timestamp":"2024-12-11 16:57:32"}
{"level":"info","message":"Project retrieved successfully: 18","service":"project-management-service","timestamp":"2024-12-11 16:57:32"}
{"level":"info","message":"Loaded Routes: {\"user\":\"/api/users\",\"project\":\"/api/projects\",\"task\":\"/api/tasks\",\"company\":\"/api/companies\"}","service":"project-management-service","timestamp":"2024-12-11 17:10:40"}
{"level":"info","message":"Server running on port 5001","service":"project-management-service","timestamp":"2024-12-11 17:10:40"}
{"level":"info","message":"Database synced successfully","service":"project-management-service","timestamp":"2024-12-11 17:10:40"}
{"level":"info","message":"Creating user: test21@test.test","service":"project-management-service","timestamp":"2024-12-11 17:10:53"}
{"level":"error","message":"Error creating user: Validation error","service":"project-management-service","timestamp":"2024-12-11 17:10:54"}
{"level":"info","message":"Creating user: test22@test.test","service":"project-management-service","timestamp":"2024-12-11 17:11:15"}
{"level":"info","message":"User created successfully: user_id=49","service":"project-management-service","timestamp":"2024-12-11 17:11:15"}
{"level":"warn","message":"Login failed: Invalid password for email=test22@test.test","service":"project-management-service","timestamp":"2024-12-11 17:11:22"}
{"level":"info","message":"User logged in successfully: user_id=49","service":"project-management-service","timestamp":"2024-12-11 17:12:22"}
{"level":"info","message":"Loaded Routes: {\"user\":\"/api/users\",\"project\":\"/api/projects\",\"task\":\"/api/tasks\",\"company\":\"/api/companies\"}","service":"project-management-service","timestamp":"2024-12-11 17:17:04"}
{"level":"info","message":"Server running on port 5001","service":"project-management-service","timestamp":"2024-12-11 17:17:04"}
{"level":"info","message":"Database synced successfully","service":"project-management-service","timestamp":"2024-12-11 17:17:04"}
{"body":{"email":"test23@test.test","first_name":"buyer","last_name":"solicitor","password":"***","username":"test23"},"headers":{"accept":"*/*","accept-encoding":"gzip, deflate, br","connection":"keep-alive","content-length":"135","content-type":"application/json","host":"localhost:5001","postman-token":"c833e0c7-73ff-4de2-b057-bd59c16d489c","user-agent":"PostmanRuntime/7.43.0"},"level":"info","message":"Incoming Request","method":"POST","service":"project-management-service","timestamp":"2024-12-11 17:17:22","url":"/api/users/create"}
{"level":"info","message":"Creating user: test23@test.test","service":"project-management-service","timestamp":"2024-12-11 17:17:22"}
{"level":"info","message":"User created successfully: user_id=50","service":"project-management-service","timestamp":"2024-12-11 17:17:22"}
{"body":{"email":"test23@test.test","password":"***"},"headers":{"accept":"*/*","accept-encoding":"gzip, deflate, br","connection":"keep-alive","content-length":"58","content-type":"application/json","host":"localhost:5001","postman-token":"b7e5a45f-53c5-4eb3-8269-7f3d521c38e2","user-agent":"PostmanRuntime/7.43.0"},"level":"info","message":"Incoming Request","method":"POST","service":"project-management-service","timestamp":"2024-12-11 17:18:19","url":"/api/auth/login"}
{"level":"info","message":"User logged in successfully: user_id=50","service":"project-management-service","timestamp":"2024-12-11 17:18:19"}
{"level":"info","message":"Loaded Routes: {\"user\":\"/api/users\",\"project\":\"/api/projects\",\"task\":\"/api/tasks\",\"company\":\"/api/companies\"}","service":"project-management-service","timestamp":"2024-12-11 17:20:19"}
{"level":"info","message":"Server running on port 5001","service":"project-management-service","timestamp":"2024-12-11 17:20:19"}
{"level":"info","message":"Database synced successfully","service":"project-management-service","timestamp":"2024-12-11 17:20:19"}
{"body":{"email":"test24@test.test","password":"***"},"headers":{"accept":"*/*","accept-encoding":"gzip, deflate, br","connection":"keep-alive","content-length":"58","content-type":"application/json","host":"localhost:5001","postman-token":"4a5eab00-4635-4a5e-838b-7ce64f16e27b","user-agent":"PostmanRuntime/7.43.0"},"level":"info","message":"Incoming Request","method":"POST","service":"project-management-service","timestamp":"2024-12-11 17:20:24","url":"/api/auth/login"}
{"level":"warn","message":"Login failed: User not found with email=test24@test.test","service":"project-management-service","timestamp":"2024-12-11 17:20:24"}
{"body":{"email":"test24@test.test","first_name":"buyer","last_name":"solicitor","password":"***","username":"test24"},"headers":{"accept":"*/*","accept-encoding":"gzip, deflate, br","connection":"keep-alive","content-length":"135","content-type":"application/json","host":"localhost:5001","postman-token":"e81a07ac-f61e-4a86-aba5-c9e49cedc4b7","user-agent":"PostmanRuntime/7.43.0"},"level":"info","message":"Incoming Request","method":"POST","service":"project-management-service","timestamp":"2024-12-11 17:20:34","url":"/api/users/create"}
{"level":"info","message":"Creating user: test24@test.test","service":"project-management-service","timestamp":"2024-12-11 17:20:34"}
{"level":"info","message":"User created successfully: user_id=51","service":"project-management-service","timestamp":"2024-12-11 17:20:34"}
{"body":{"email":"test24@test.test","password":"***"},"headers":{"accept":"*/*","accept-encoding":"gzip, deflate, br","connection":"keep-alive","content-length":"58","content-type":"application/json","host":"localhost:5001","postman-token":"d6955fae-ad1e-435e-b65f-9cf980b7dafb","user-agent":"PostmanRuntime/7.43.0"},"level":"info","message":"Incoming Request","method":"POST","service":"project-management-service","timestamp":"2024-12-11 17:20:37","url":"/api/auth/login"}
{"level":"info","message":"User logged in successfully: user_id=51","service":"project-management-service","timestamp":"2024-12-11 17:20:37"}
{"body":{},"headers":{"accept":"*/*","accept-encoding":"gzip, deflate, br","authorization":"Bearer eyJhbGciOiJIUzI1NiIsInR5cCI6IkpXVCJ9.eyJpZCI6NTEsImVtYWlsIjoidGVzdDI0QHRlc3QudGVzdCIsImlhdCI6MTczMzkzNDAzNywiZXhwIjoxNzMzOTM3NjM3fQ.Ugu-OdnoAa0Q9EpR6A2I81XWn9Su9i31rgarV0m4mI0","connection":"keep-alive","host":"localhost:5001","postman-token":"d47dfb9f-53d0-417d-aa4a-11d5346f9f33","user-agent":"PostmanRuntime/7.43.0"},"level":"info","message":"Incoming Request","method":"GET","service":"project-management-service","timestamp":"2024-12-11 17:21:11","url":"/api/protected%0A"}
{"body":{},"headers":{"accept":"*/*","accept-encoding":"gzip, deflate, br","authorization":"Bearer eyJhbGciOiJIUzI1NiIsInR5cCI6IkpXVCJ9.eyJpZCI6NTEsImVtYWlsIjoidGVzdDI0QHRlc3QudGVzdCIsImlhdCI6MTczMzkzNDAzNywiZXhwIjoxNzMzOTM3NjM3fQ.Ugu-OdnoAa0Q9EpR6A2I81XWn9Su9i31rgarV0m4mI0","connection":"keep-alive","host":"localhost:5001","postman-token":"bbd5e398-5ab5-46b2-8aa5-6f345a6bd51c","user-agent":"PostmanRuntime/7.43.0"},"level":"info","message":"Incoming Request","method":"GET","service":"project-management-service","timestamp":"2024-12-11 17:23:15","url":"/api/protected"}
{"level":"info","message":"Accessing protected route for user: {\"id\":51,\"email\":\"test24@test.test\"}","service":"project-management-service","timestamp":"2024-12-11 17:23:15"}
{"level":"info","message":"Loaded Routes: {\"user\":\"/api/users\",\"project\":\"/api/projects\",\"task\":\"/api/tasks\",\"company\":\"/api/companies\"}","service":"project-management-service","timestamp":"2024-12-11 17:30:04"}
{"level":"info","message":"Server running on port 5001","service":"project-management-service","timestamp":"2024-12-11 17:30:04"}
{"level":"info","message":"Database synced successfully","service":"project-management-service","timestamp":"2024-12-11 17:30:05"}
{"body":{},"headers":{"accept":"*/*","accept-encoding":"gzip, deflate, br, zstd","accept-language":"en,en-US;q=0.9,sv;q=0.8","access-control-request-headers":"authorization,content-type","access-control-request-method":"PUT","connection":"keep-alive","host":"localhost:5001","origin":"http://localhost:3000","referer":"http://localhost:3000/","sec-fetch-dest":"empty","sec-fetch-mode":"cors","sec-fetch-site":"same-site","user-agent":"Mozilla/5.0 (Macintosh; Intel Mac OS X 10_15_7) AppleWebKit/537.36 (KHTML, like Gecko) Chrome/131.0.0.0 Safari/537.36"},"level":"info","message":"Incoming Request","method":"OPTIONS","service":"project-management-service","timestamp":"2024-12-11 17:30:19","url":"/api/tasks/undefined"}
{"body":{"description":"test put","is_completed":false,"project_id":18,"stage_id":"Viewings","task_name":"Set criteria for your housing search - put test"},"headers":{"accept":"application/json, text/plain, */*","accept-encoding":"gzip, deflate, br, zstd","accept-language":"en,en-US;q=0.9,sv;q=0.8","authorization":"Bearer eyJhbGciOiJIUzI1NiIsInR5cCI6IkpXVCJ9.eyJpZCI6NDcsImVtYWlsIjoidGVzdDIxQHRlc3QudGVzdCIsImlhdCI6MTczMzkzMjYxNSwiZXhwIjoxNzMzOTM2MjE1fQ.qOC6_LGh918s6VQ9n3b712tBU87ufXH29Y3moCSjZFE","connection":"keep-alive","content-length":"147","content-type":"application/json","host":"localhost:5001","origin":"http://localhost:3000","referer":"http://localhost:3000/","sec-ch-ua":"\"Google Chrome\";v=\"131\", \"Chromium\";v=\"131\", \"Not_A Brand\";v=\"24\"","sec-ch-ua-mobile":"?0","sec-ch-ua-platform":"\"macOS\"","sec-fetch-dest":"empty","sec-fetch-mode":"cors","sec-fetch-site":"same-site","user-agent":"Mozilla/5.0 (Macintosh; Intel Mac OS X 10_15_7) AppleWebKit/537.36 (KHTML, like Gecko) Chrome/131.0.0.0 Safari/537.36"},"level":"info","message":"Incoming Request","method":"PUT","service":"project-management-service","timestamp":"2024-12-11 17:30:19","url":"/api/tasks/undefined"}
{"body":{},"headers":{"accept":"*/*","accept-encoding":"gzip, deflate, br, zstd","accept-language":"en,en-US;q=0.9,sv;q=0.8","access-control-request-headers":"authorization,content-type","access-control-request-method":"POST","connection":"keep-alive","host":"localhost:5001","origin":"http://localhost:3000","referer":"http://localhost:3000/","sec-fetch-dest":"empty","sec-fetch-mode":"cors","sec-fetch-site":"same-site","user-agent":"Mozilla/5.0 (Macintosh; Intel Mac OS X 10_15_7) AppleWebKit/537.36 (KHTML, like Gecko) Chrome/131.0.0.0 Safari/537.36"},"level":"info","message":"Incoming Request","method":"OPTIONS","service":"project-management-service","timestamp":"2024-12-11 17:30:49","url":"/api/tasks"}
{"body":{"description":"ptoijew","due_date":"","is_completed":false,"priority":"Medium","project_id":18,"stage_id":"Misc","task_name":"test put"},"headers":{"accept":"application/json, text/plain, */*","accept-encoding":"gzip, deflate, br, zstd","accept-language":"en,en-US;q=0.9,sv;q=0.8","authorization":"Bearer eyJhbGciOiJIUzI1NiIsInR5cCI6IkpXVCJ9.eyJpZCI6NDcsImVtYWlsIjoidGVzdDIxQHRlc3QudGVzdCIsImlhdCI6MTczMzkzMjYxNSwiZXhwIjoxNzMzOTM2MjE1fQ.qOC6_LGh918s6VQ9n3b712tBU87ufXH29Y3moCSjZFE","connection":"keep-alive","content-length":"137","content-type":"application/json","host":"localhost:5001","origin":"http://localhost:3000","referer":"http://localhost:3000/","sec-ch-ua":"\"Google Chrome\";v=\"131\", \"Chromium\";v=\"131\", \"Not_A Brand\";v=\"24\"","sec-ch-ua-mobile":"?0","sec-ch-ua-platform":"\"macOS\"","sec-fetch-dest":"empty","sec-fetch-mode":"cors","sec-fetch-site":"same-site","user-agent":"Mozilla/5.0 (Macintosh; Intel Mac OS X 10_15_7) AppleWebKit/537.36 (KHTML, like Gecko) Chrome/131.0.0.0 Safari/537.36"},"level":"info","message":"Incoming Request","method":"POST","service":"project-management-service","timestamp":"2024-12-11 17:30:49","url":"/api/tasks"}
{"level":"info","message":"Loaded Routes: {\"user\":\"/api/users\",\"project\":\"/api/projects\",\"task\":\"/api/tasks\",\"company\":\"/api/companies\"}","service":"project-management-service","timestamp":"2024-12-11 17:32:25"}
{"level":"info","message":"Server running on port 5001","service":"project-management-service","timestamp":"2024-12-11 17:32:25"}
{"level":"info","message":"Database synced successfully","service":"project-management-service","timestamp":"2024-12-11 17:32:25"}
{"body":{},"headers":{"accept":"*/*","accept-encoding":"gzip, deflate, br, zstd","accept-language":"en,en-US;q=0.9,sv;q=0.8","access-control-request-headers":"authorization","access-control-request-method":"GET","connection":"keep-alive","host":"localhost:5001","origin":"http://localhost:3000","referer":"http://localhost:3000/","sec-fetch-dest":"empty","sec-fetch-mode":"cors","sec-fetch-site":"same-site","user-agent":"Mozilla/5.0 (Macintosh; Intel Mac OS X 10_15_7) AppleWebKit/537.36 (KHTML, like Gecko) Chrome/131.0.0.0 Safari/537.36"},"level":"info","message":"Incoming Request","method":"OPTIONS","service":"project-management-service","timestamp":"2024-12-11 17:33:03","url":"/api/users/me"}
{"body":{},"headers":{"accept":"application/json, text/plain, */*","accept-encoding":"gzip, deflate, br, zstd","accept-language":"en,en-US;q=0.9,sv;q=0.8","authorization":"Bearer eyJhbGciOiJIUzI1NiIsInR5cCI6IkpXVCJ9.eyJpZCI6NDcsImVtYWlsIjoidGVzdDIxQHRlc3QudGVzdCIsImlhdCI6MTczMzkzMjYxNSwiZXhwIjoxNzMzOTM2MjE1fQ.qOC6_LGh918s6VQ9n3b712tBU87ufXH29Y3moCSjZFE","connection":"keep-alive","host":"localhost:5001","if-none-match":"W/\"83-G0Y0KIvZa1A8sgov4BlNaAW38PA\"","origin":"http://localhost:3000","referer":"http://localhost:3000/","sec-ch-ua":"\"Google Chrome\";v=\"131\", \"Chromium\";v=\"131\", \"Not_A Brand\";v=\"24\"","sec-ch-ua-mobile":"?0","sec-ch-ua-platform":"\"macOS\"","sec-fetch-dest":"empty","sec-fetch-mode":"cors","sec-fetch-site":"same-site","user-agent":"Mozilla/5.0 (Macintosh; Intel Mac OS X 10_15_7) AppleWebKit/537.36 (KHTML, like Gecko) Chrome/131.0.0.0 Safari/537.36"},"level":"info","message":"Incoming Request","method":"GET","service":"project-management-service","timestamp":"2024-12-11 17:33:03","url":"/api/users/me"}
{"level":"info","message":"Fetching user details for user ID: 47","service":"project-management-service","timestamp":"2024-12-11 17:33:03"}
{"body":{},"headers":{"accept":"*/*","accept-encoding":"gzip, deflate, br, zstd","accept-language":"en,en-US;q=0.9,sv;q=0.8","access-control-request-headers":"authorization","access-control-request-method":"GET","connection":"keep-alive","host":"localhost:5001","origin":"http://localhost:3000","referer":"http://localhost:3000/","sec-fetch-dest":"empty","sec-fetch-mode":"cors","sec-fetch-site":"same-site","user-agent":"Mozilla/5.0 (Macintosh; Intel Mac OS X 10_15_7) AppleWebKit/537.36 (KHTML, like Gecko) Chrome/131.0.0.0 Safari/537.36"},"level":"info","message":"Incoming Request","method":"OPTIONS","service":"project-management-service","timestamp":"2024-12-11 17:33:03","url":"/api/projects/user"}
{"body":{},"headers":{"accept":"application/json, text/plain, */*","accept-encoding":"gzip, deflate, br, zstd","accept-language":"en,en-US;q=0.9,sv;q=0.8","authorization":"Bearer eyJhbGciOiJIUzI1NiIsInR5cCI6IkpXVCJ9.eyJpZCI6NDcsImVtYWlsIjoidGVzdDIxQHRlc3QudGVzdCIsImlhdCI6MTczMzkzMjYxNSwiZXhwIjoxNzMzOTM2MjE1fQ.qOC6_LGh918s6VQ9n3b712tBU87ufXH29Y3moCSjZFE","connection":"keep-alive","host":"localhost:5001","if-none-match":"W/\"fb-ojeHuRss+3uiCHSga8WgOJo4Rag\"","origin":"http://localhost:3000","referer":"http://localhost:3000/","sec-ch-ua":"\"Google Chrome\";v=\"131\", \"Chromium\";v=\"131\", \"Not_A Brand\";v=\"24\"","sec-ch-ua-mobile":"?0","sec-ch-ua-platform":"\"macOS\"","sec-fetch-dest":"empty","sec-fetch-mode":"cors","sec-fetch-site":"same-site","user-agent":"Mozilla/5.0 (Macintosh; Intel Mac OS X 10_15_7) AppleWebKit/537.36 (KHTML, like Gecko) Chrome/131.0.0.0 Safari/537.36"},"level":"info","message":"Incoming Request","method":"GET","service":"project-management-service","timestamp":"2024-12-11 17:33:03","url":"/api/projects/user"}
{"level":"info","message":"Fetching projects for user: 47","service":"project-management-service","timestamp":"2024-12-11 17:33:03"}
{"level":"info","message":"Owned projects retrieved: 1","service":"project-management-service","timestamp":"2024-12-11 17:33:03"}
{"level":"info","message":"Collaborator projects retrieved: 1","service":"project-management-service","timestamp":"2024-12-11 17:33:03"}
{"level":"info","message":"Unique projects retrieved: 1","service":"project-management-service","timestamp":"2024-12-11 17:33:03"}
{"level":"info","message":"User details retrieved successfully for user ID: 47","service":"project-management-service","timestamp":"2024-12-11 17:33:03"}
{"body":{},"headers":{"accept":"*/*","accept-encoding":"gzip, deflate, br, zstd","accept-language":"en,en-US;q=0.9,sv;q=0.8","access-control-request-headers":"authorization","access-control-request-method":"GET","connection":"keep-alive","host":"localhost:5001","origin":"http://localhost:3000","referer":"http://localhost:3000/","sec-fetch-dest":"empty","sec-fetch-mode":"cors","sec-fetch-site":"same-site","user-agent":"Mozilla/5.0 (Macintosh; Intel Mac OS X 10_15_7) AppleWebKit/537.36 (KHTML, like Gecko) Chrome/131.0.0.0 Safari/537.36"},"level":"info","message":"Incoming Request","method":"OPTIONS","service":"project-management-service","timestamp":"2024-12-11 17:33:05","url":"/api/projects/18"}
{"body":{},"headers":{"accept":"*/*","accept-encoding":"gzip, deflate, br, zstd","accept-language":"en,en-US;q=0.9,sv;q=0.8","access-control-request-headers":"authorization","access-control-request-method":"GET","connection":"keep-alive","host":"localhost:5001","origin":"http://localhost:3000","referer":"http://localhost:3000/","sec-fetch-dest":"empty","sec-fetch-mode":"cors","sec-fetch-site":"same-site","user-agent":"Mozilla/5.0 (Macintosh; Intel Mac OS X 10_15_7) AppleWebKit/537.36 (KHTML, like Gecko) Chrome/131.0.0.0 Safari/537.36"},"level":"info","message":"Incoming Request","method":"OPTIONS","service":"project-management-service","timestamp":"2024-12-11 17:33:05","url":"/api/projects/18/collaborators"}
{"body":{},"headers":{"accept":"application/json, text/plain, */*","accept-encoding":"gzip, deflate, br, zstd","accept-language":"en,en-US;q=0.9,sv;q=0.8","authorization":"Bearer eyJhbGciOiJIUzI1NiIsInR5cCI6IkpXVCJ9.eyJpZCI6NDcsImVtYWlsIjoidGVzdDIxQHRlc3QudGVzdCIsImlhdCI6MTczMzkzMjYxNSwiZXhwIjoxNzMzOTM2MjE1fQ.qOC6_LGh918s6VQ9n3b712tBU87ufXH29Y3moCSjZFE","connection":"keep-alive","host":"localhost:5001","if-none-match":"W/\"b75-EciAmyuVrCCNzb1fR2ZkDlYrYZI\"","origin":"http://localhost:3000","referer":"http://localhost:3000/","sec-ch-ua":"\"Google Chrome\";v=\"131\", \"Chromium\";v=\"131\", \"Not_A Brand\";v=\"24\"","sec-ch-ua-mobile":"?0","sec-ch-ua-platform":"\"macOS\"","sec-fetch-dest":"empty","sec-fetch-mode":"cors","sec-fetch-site":"same-site","user-agent":"Mozilla/5.0 (Macintosh; Intel Mac OS X 10_15_7) AppleWebKit/537.36 (KHTML, like Gecko) Chrome/131.0.0.0 Safari/537.36"},"level":"info","message":"Incoming Request","method":"GET","service":"project-management-service","timestamp":"2024-12-11 17:33:05","url":"/api/projects/18"}
{"body":{},"headers":{"accept":"application/json, text/plain, */*","accept-encoding":"gzip, deflate, br, zstd","accept-language":"en,en-US;q=0.9,sv;q=0.8","authorization":"Bearer eyJhbGciOiJIUzI1NiIsInR5cCI6IkpXVCJ9.eyJpZCI6NDcsImVtYWlsIjoidGVzdDIxQHRlc3QudGVzdCIsImlhdCI6MTczMzkzMjYxNSwiZXhwIjoxNzMzOTM2MjE1fQ.qOC6_LGh918s6VQ9n3b712tBU87ufXH29Y3moCSjZFE","connection":"keep-alive","host":"localhost:5001","if-none-match":"W/\"fe-gPCTTvszizOEECD01lRAMhE3D4E\"","origin":"http://localhost:3000","referer":"http://localhost:3000/","sec-ch-ua":"\"Google Chrome\";v=\"131\", \"Chromium\";v=\"131\", \"Not_A Brand\";v=\"24\"","sec-ch-ua-mobile":"?0","sec-ch-ua-platform":"\"macOS\"","sec-fetch-dest":"empty","sec-fetch-mode":"cors","sec-fetch-site":"same-site","user-agent":"Mozilla/5.0 (Macintosh; Intel Mac OS X 10_15_7) AppleWebKit/537.36 (KHTML, like Gecko) Chrome/131.0.0.0 Safari/537.36"},"level":"info","message":"Incoming Request","method":"GET","service":"project-management-service","timestamp":"2024-12-11 17:33:05","url":"/api/projects/18/collaborators"}
{"level":"info","message":"Project retrieved successfully: 18","service":"project-management-service","timestamp":"2024-12-11 17:33:05"}
{"level":"info","message":"Collaborators retrieved for project ID 18: 1","service":"project-management-service","timestamp":"2024-12-11 17:33:05"}
{"body":{},"headers":{"accept":"*/*","accept-encoding":"gzip, deflate, br, zstd","accept-language":"en,en-US;q=0.9,sv;q=0.8","access-control-request-headers":"authorization,content-type","access-control-request-method":"POST","connection":"keep-alive","host":"localhost:5001","origin":"http://localhost:3000","referer":"http://localhost:3000/","sec-fetch-dest":"empty","sec-fetch-mode":"cors","sec-fetch-site":"same-site","user-agent":"Mozilla/5.0 (Macintosh; Intel Mac OS X 10_15_7) AppleWebKit/537.36 (KHTML, like Gecko) Chrome/131.0.0.0 Safari/537.36"},"level":"info","message":"Incoming Request","method":"OPTIONS","service":"project-management-service","timestamp":"2024-12-11 17:33:32","url":"/api/tasks"}
{"body":{"description":"test","due_date":"","is_completed":false,"priority":"Medium","project_id":18,"stage_id":"Misc","task_name":"test"},"headers":{"accept":"application/json, text/plain, */*","accept-encoding":"gzip, deflate, br, zstd","accept-language":"en,en-US;q=0.9,sv;q=0.8","authorization":"Bearer eyJhbGciOiJIUzI1NiIsInR5cCI6IkpXVCJ9.eyJpZCI6NDcsImVtYWlsIjoidGVzdDIxQHRlc3QudGVzdCIsImlhdCI6MTczMzkzMjYxNSwiZXhwIjoxNzMzOTM2MjE1fQ.qOC6_LGh918s6VQ9n3b712tBU87ufXH29Y3moCSjZFE","connection":"keep-alive","content-length":"130","content-type":"application/json","host":"localhost:5001","origin":"http://localhost:3000","referer":"http://localhost:3000/","sec-ch-ua":"\"Google Chrome\";v=\"131\", \"Chromium\";v=\"131\", \"Not_A Brand\";v=\"24\"","sec-ch-ua-mobile":"?0","sec-ch-ua-platform":"\"macOS\"","sec-fetch-dest":"empty","sec-fetch-mode":"cors","sec-fetch-site":"same-site","user-agent":"Mozilla/5.0 (Macintosh; Intel Mac OS X 10_15_7) AppleWebKit/537.36 (KHTML, like Gecko) Chrome/131.0.0.0 Safari/537.36"},"level":"info","message":"Incoming Request","method":"POST","service":"project-management-service","timestamp":"2024-12-11 17:33:32","url":"/api/tasks"}
{"body":{},"headers":{"accept":"*/*","accept-encoding":"gzip, deflate, br, zstd","accept-language":"en,en-US;q=0.9,sv;q=0.8","access-control-request-headers":"authorization,content-type","access-control-request-method":"POST","connection":"keep-alive","host":"localhost:5001","origin":"http://localhost:3000","referer":"http://localhost:3000/","sec-fetch-dest":"empty","sec-fetch-mode":"cors","sec-fetch-site":"same-site","user-agent":"Mozilla/5.0 (Macintosh; Intel Mac OS X 10_15_7) AppleWebKit/537.36 (KHTML, like Gecko) Chrome/131.0.0.0 Safari/537.36"},"level":"info","message":"Incoming Request","method":"OPTIONS","service":"project-management-service","timestamp":"2024-12-11 17:39:54","url":"/api/tasks"}
{"body":{"description":"test","due_date":"","is_completed":false,"priority":"Medium","project_id":18,"stage_id":"Misc","task_name":"test"},"headers":{"accept":"application/json, text/plain, */*","accept-encoding":"gzip, deflate, br, zstd","accept-language":"en,en-US;q=0.9,sv;q=0.8","authorization":"Bearer eyJhbGciOiJIUzI1NiIsInR5cCI6IkpXVCJ9.eyJpZCI6NDcsImVtYWlsIjoidGVzdDIxQHRlc3QudGVzdCIsImlhdCI6MTczMzkzMjYxNSwiZXhwIjoxNzMzOTM2MjE1fQ.qOC6_LGh918s6VQ9n3b712tBU87ufXH29Y3moCSjZFE","connection":"keep-alive","content-length":"130","content-type":"application/json","host":"localhost:5001","origin":"http://localhost:3000","referer":"http://localhost:3000/","sec-ch-ua":"\"Google Chrome\";v=\"131\", \"Chromium\";v=\"131\", \"Not_A Brand\";v=\"24\"","sec-ch-ua-mobile":"?0","sec-ch-ua-platform":"\"macOS\"","sec-fetch-dest":"empty","sec-fetch-mode":"cors","sec-fetch-site":"same-site","user-agent":"Mozilla/5.0 (Macintosh; Intel Mac OS X 10_15_7) AppleWebKit/537.36 (KHTML, like Gecko) Chrome/131.0.0.0 Safari/537.36"},"level":"info","message":"Incoming Request","method":"POST","service":"project-management-service","timestamp":"2024-12-11 17:39:54","url":"/api/tasks"}
{"level":"info","message":"Loaded Routes: {\"user\":\"/api/users\",\"project\":\"/api/projects\",\"task\":\"/api/tasks\",\"company\":\"/api/companies\"}","service":"project-management-service","timestamp":"2024-12-11 17:40:11"}
{"level":"info","message":"Server running on port 5001","service":"project-management-service","timestamp":"2024-12-11 17:40:11"}
{"level":"info","message":"Database synced successfully","service":"project-management-service","timestamp":"2024-12-11 17:40:12"}
{"body":{},"headers":{"accept":"*/*","accept-encoding":"gzip, deflate, br, zstd","accept-language":"en,en-US;q=0.9,sv;q=0.8","access-control-request-headers":"authorization,content-type","access-control-request-method":"POST","connection":"keep-alive","host":"localhost:5001","origin":"http://localhost:3000","referer":"http://localhost:3000/","sec-fetch-dest":"empty","sec-fetch-mode":"cors","sec-fetch-site":"same-site","user-agent":"Mozilla/5.0 (Macintosh; Intel Mac OS X 10_15_7) AppleWebKit/537.36 (KHTML, like Gecko) Chrome/131.0.0.0 Safari/537.36"},"level":"info","message":"Incoming Request","method":"OPTIONS","service":"project-management-service","timestamp":"2024-12-11 17:40:15","url":"/api/tasks"}
{"body":{"description":"test","due_date":"","is_completed":false,"priority":"Medium","project_id":18,"stage_id":"Misc","task_name":"test"},"headers":{"accept":"application/json, text/plain, */*","accept-encoding":"gzip, deflate, br, zstd","accept-language":"en,en-US;q=0.9,sv;q=0.8","authorization":"Bearer eyJhbGciOiJIUzI1NiIsInR5cCI6IkpXVCJ9.eyJpZCI6NDcsImVtYWlsIjoidGVzdDIxQHRlc3QudGVzdCIsImlhdCI6MTczMzkzMjYxNSwiZXhwIjoxNzMzOTM2MjE1fQ.qOC6_LGh918s6VQ9n3b712tBU87ufXH29Y3moCSjZFE","connection":"keep-alive","content-length":"130","content-type":"application/json","host":"localhost:5001","origin":"http://localhost:3000","referer":"http://localhost:3000/","sec-ch-ua":"\"Google Chrome\";v=\"131\", \"Chromium\";v=\"131\", \"Not_A Brand\";v=\"24\"","sec-ch-ua-mobile":"?0","sec-ch-ua-platform":"\"macOS\"","sec-fetch-dest":"empty","sec-fetch-mode":"cors","sec-fetch-site":"same-site","user-agent":"Mozilla/5.0 (Macintosh; Intel Mac OS X 10_15_7) AppleWebKit/537.36 (KHTML, like Gecko) Chrome/131.0.0.0 Safari/537.36"},"level":"info","message":"Incoming Request","method":"POST","service":"project-management-service","timestamp":"2024-12-11 17:40:15","url":"/api/tasks"}
